<!DOCTYPE html>

<html>
  <head>
  <meta charset='utf-8'>
  <title>TestNG reports</title>

    <link type="text/css" href="testng-reports1.css" rel="stylesheet" id="ultra" />
    <link type="text/css" href="testng-reports.css" rel="stylesheet" id="retro" disabled="false"/>
    <script type="text/javascript" src="jquery-3.6.0.min.js"></script>
    <script type="text/javascript" src="testng-reports.js"></script>
    <script type="text/javascript" src="https://www.google.com/jsapi"></script>
    <script type='text/javascript'>
      google.load('visualization', '1', {packages:['table']});
      google.setOnLoadCallback(drawTable);
      var suiteTableInitFunctions = new Array();
      var suiteTableData = new Array();
    </script>
    <!--
      <script type="text/javascript" src="jquery-ui/js/jquery-ui-1.8.16.custom.min.js"></script>
     -->
  </head>

  <body>    <div class="top-banner-root">
      <span class="top-banner-title-font">Test results</span>
      <button id="button" class="button">Switch Retro Theme</button> <!-- button -->
      <br/>
      <span class="top-banner-font-1">1 suite, 13 failed tests</span>
    </div> <!-- top-banner-root -->
    <div class="navigator-root">
      <div class="navigator-suite-header">
        <span>All suites</span>
        <a href="#" title="Collapse/expand all the suites" class="collapse-all-link">
          <img src="collapseall.gif" class="collapse-all-icon">
          </img> <!-- collapse-all-icon -->
        </a> <!-- collapse-all-link -->
      </div> <!-- navigator-suite-header -->
      <div class="suite">
        <div class="rounded-window">
          <div class="suite-header light-rounded-window-top">
            <a href="#" panel-name="suite-Default_suite" class="navigator-link">
              <span class="suite-name border-failed">Default suite</span>
            </a> <!-- navigator-link -->
          </div> <!-- suite-header light-rounded-window-top -->
          <div class="navigator-suite-content">
            <div class="suite-section-title">
              <span>Info</span>
            </div> <!-- suite-section-title -->
            <div class="suite-section-content">
              <ul>
                <li>
                  <a href="#" panel-name="test-xml-Default_suite" class="navigator-link ">
                    <span>C:\Users\shaun\AppData\Local\Temp\testng-eclipse--293908367\testng-customsuite.xml</span>
                  </a> <!-- navigator-link  -->
                </li>
                <li>
                  <a href="#" panel-name="testlist-Default_suite" class="navigator-link ">
                    <span class="test-stats">1 test</span>
                  </a> <!-- navigator-link  -->
                </li>
                <li>
                  <a href="#" panel-name="group-Default_suite" class="navigator-link ">
                    <span>1 group</span>
                  </a> <!-- navigator-link  -->
                </li>
                <li>
                  <a href="#" panel-name="times-Default_suite" class="navigator-link ">
                    <span>Times</span>
                  </a> <!-- navigator-link  -->
                </li>
                <li>
                  <a href="#" panel-name="reporter-Default_suite" class="navigator-link ">
                    <span>Reporter output</span>
                  </a> <!-- navigator-link  -->
                </li>
                <li>
                  <a href="#" panel-name="ignored-methods-Default_suite" class="navigator-link ">
                    <span>Ignored methods</span>
                  </a> <!-- navigator-link  -->
                </li>
                <li>
                  <a href="#" panel-name="chronological-Default_suite" class="navigator-link ">
                    <span>Chronological view</span>
                  </a> <!-- navigator-link  -->
                </li>
              </ul>
            </div> <!-- suite-section-content -->
            <div class="result-section">
              <div class="suite-section-title">
                <span>Results</span>
              </div> <!-- suite-section-title -->
              <div class="suite-section-content">
                <ul>
                  <li>
                    <span class="method-stats">35 methods, 13 failed,   22 passed</span>
                  </li>
                  <li>
                    <span class="method-list-title failed">Failed methods</span>
                    <span class="show-or-hide-methods failed">
                      <a href="#" panel-name="suite-Default_suite" class="hide-methods failed suite-Default_suite"> (hide)</a> <!-- hide-methods failed suite-Default_suite -->
                      <a href="#" panel-name="suite-Default_suite" class="show-methods failed suite-Default_suite"> (show)</a> <!-- show-methods failed suite-Default_suite -->
                    </span>
                    <div class="method-list-content failed suite-Default_suite">
                      <span>
                        <img src="failed.png" width="3%"/>
                        <a href="#" panel-name="suite-Default_suite" title="Runner.TestRunner" class="method navigator-link" hash-for-method="runScenario(&quot;User not able to choose the favorite Infrastructure option&quot;, &quot;Optional[Openfabric AI Testnet]&quot;)">runScenario("User not able to choose the favorite Infrastructure option", "Optional[Openfabric AI Testnet]")</a> <!-- method navigator-link -->
                      </span>
                      <br/>
                      <span>
                        <img src="failed.png" width="3%"/>
                        <a href="#" panel-name="suite-Default_suite" title="Runner.TestRunner" class="method navigator-link" hash-for-method="runScenario(&quot;User cannot signup with missing email&quot;, &quot;Optional[Openfabric AI Testnet]&quot;)">runScenario("User cannot signup with missing email", "Optional[Openfabric AI Testnet]")</a> <!-- method navigator-link -->
                      </span>
                      <br/>
                      <span>
                        <img src="failed.png" width="3%"/>
                        <a href="#" panel-name="suite-Default_suite" title="Runner.TestRunner" class="method navigator-link" hash-for-method="runScenario(&quot;User setups Metamask&quot;, &quot;Optional[Openfabric AI Testnet]&quot;)">runScenario("User setups Metamask", "Optional[Openfabric AI Testnet]")</a> <!-- method navigator-link -->
                      </span>
                      <br/>
                      <span>
                        <img src="failed.png" width="3%"/>
                        <a href="#" panel-name="suite-Default_suite" title="Runner.TestRunner" class="method navigator-link" hash-for-method="runScenario(&quot;User cannot signup with missing lastname&quot;, &quot;Optional[Openfabric AI Testnet]&quot;)">runScenario("User cannot signup with missing lastname", "Optional[Openfabric AI Testnet]")</a> <!-- method navigator-link -->
                      </span>
                      <br/>
                      <span>
                        <img src="failed.png" width="3%"/>
                        <a href="#" panel-name="suite-Default_suite" title="Runner.TestRunner" class="method navigator-link" hash-for-method="runScenario(&quot;User cannot signup with invalid email&quot;, &quot;Optional[Openfabric AI Testnet]&quot;)">runScenario("User cannot signup with invalid email", "Optional[Openfabric AI Testnet]")</a> <!-- method navigator-link -->
                      </span>
                      <br/>
                      <span>
                        <img src="failed.png" width="3%"/>
                        <a href="#" panel-name="suite-Default_suite" title="Runner.TestRunner" class="method navigator-link" hash-for-method="runScenario(&quot;User finds Metamask missing popup&quot;, &quot;Optional[Openfabric AI Testnet]&quot;)">runScenario("User finds Metamask missing popup", "Optional[Openfabric AI Testnet]")</a> <!-- method navigator-link -->
                      </span>
                      <br/>
                      <span>
                        <img src="failed.png" width="3%"/>
                        <a href="#" panel-name="suite-Default_suite" title="Runner.TestRunner" class="method navigator-link" hash-for-method="runScenario(&quot;User can signup with valid details&quot;, &quot;Optional[Openfabric AI Testnet]&quot;)">runScenario("User can signup with valid details", "Optional[Openfabric AI Testnet]")</a> <!-- method navigator-link -->
                      </span>
                      <br/>
                      <span>
                        <img src="failed.png" width="3%"/>
                        <a href="#" panel-name="suite-Default_suite" title="Runner.TestRunner" class="method navigator-link" hash-for-method="runScenario(&quot;User can choose the favorite Infrastructure option&quot;, &quot;Optional[Openfabric AI Testnet]&quot;)">runScenario("User can choose the favorite Infrastructure option", "Optional[Openfabric AI Testnet]")</a> <!-- method navigator-link -->
                      </span>
                      <br/>
                      <span>
                        <img src="failed.png" width="3%"/>
                        <a href="#" panel-name="suite-Default_suite" title="Runner.TestRunner" class="method navigator-link" hash-for-method="runScenario(&quot;User not able to see the &quot;+Create instances&quot; icon&quot;, &quot;Optional[Openfabric AI Testnet]&quot;)">runScenario("User not able to see the "+Create instances" icon", "Optional[Openfabric AI Testnet]")</a> <!-- method navigator-link -->
                      </span>
                      <br/>
                      <span>
                        <img src="failed.png" width="3%"/>
                        <a href="#" panel-name="suite-Default_suite" title="Runner.TestRunner" class="method navigator-link" hash-for-method="runScenario(&quot;User cannot signup with missing firstname&quot;, &quot;Optional[Openfabric AI Testnet]&quot;)">runScenario("User cannot signup with missing firstname", "Optional[Openfabric AI Testnet]")</a> <!-- method navigator-link -->
                      </span>
                      <br/>
                      <span>
                        <img src="failed.png" width="3%"/>
                        <a href="#" panel-name="suite-Default_suite" title="Runner.TestRunner" class="method navigator-link" hash-for-method="runScenario(&quot;User finds Metamask installed&quot;, &quot;Optional[Openfabric AI Testnet]&quot;)">runScenario("User finds Metamask installed", "Optional[Openfabric AI Testnet]")</a> <!-- method navigator-link -->
                      </span>
                      <br/>
                      <span>
                        <img src="failed.png" width="3%"/>
                        <a href="#" panel-name="suite-Default_suite" title="Runner.TestRunner" class="method navigator-link" hash-for-method="runScenario(&quot;User installs Metamask&quot;, &quot;Optional[Openfabric AI Testnet]&quot;)">runScenario("User installs Metamask", "Optional[Openfabric AI Testnet]")</a> <!-- method navigator-link -->
                      </span>
                      <br/>
                      <span>
                        <img src="failed.png" width="3%"/>
                        <a href="#" panel-name="suite-Default_suite" title="Runner.TestRunner" class="method navigator-link" hash-for-method="runScenario(&quot;User finds the &quot;+Create instances&quot; icon&quot;, &quot;Optional[Openfabric AI Testnet]&quot;)">runScenario("User finds the "+Create instances" icon", "Optional[Openfabric AI Testnet]")</a> <!-- method navigator-link -->
                      </span>
                      <br/>
                    </div> <!-- method-list-content failed suite-Default_suite -->
                  </li>
                  <li>
                    <span class="method-list-title passed">Passed methods</span>
                    <span class="show-or-hide-methods passed">
                      <a href="#" panel-name="suite-Default_suite" class="hide-methods passed suite-Default_suite"> (hide)</a> <!-- hide-methods passed suite-Default_suite -->
                      <a href="#" panel-name="suite-Default_suite" class="show-methods passed suite-Default_suite"> (show)</a> <!-- show-methods passed suite-Default_suite -->
                    </span>
                    <div class="method-list-content passed suite-Default_suite">
                      <span>
                        <img src="passed.png" width="3%"/>
                        <a href="#" panel-name="suite-Default_suite" title="Runner.TestRunner" class="method navigator-link" hash-for-method="runScenario(&quot;User can access the chosen AI app&quot;, &quot;Optional[Openfabric AI Testnet]&quot;)">runScenario("User can access the chosen AI app", "Optional[Openfabric AI Testnet]")</a> <!-- method navigator-link -->
                      </span>
                      <br/>
                      <span>
                        <img src="passed.png" width="3%"/>
                        <a href="#" panel-name="suite-Default_suite" title="Runner.TestRunner" class="method navigator-link" hash-for-method="runScenario(&quot;User can choose available AI apps&quot;, &quot;Optional[Openfabric AI Testnet]&quot;)">runScenario("User can choose available AI apps", "Optional[Openfabric AI Testnet]")</a> <!-- method navigator-link -->
                      </span>
                      <br/>
                      <span>
                        <img src="passed.png" width="3%"/>
                        <a href="#" panel-name="suite-Default_suite" title="Runner.TestRunner" class="method navigator-link" hash-for-method="runScenario(&quot;User gets navigated to the Payment stage&quot;, &quot;Optional[Openfabric AI Testnet]&quot;)">runScenario("User gets navigated to the Payment stage", "Optional[Openfabric AI Testnet]")</a> <!-- method navigator-link -->
                      </span>
                      <br/>
                      <span>
                        <img src="passed.png" width="3%"/>
                        <a href="#" panel-name="suite-Default_suite" title="Runner.TestRunner" class="method navigator-link" hash-for-method="runScenario(&quot;User navigates to the chosen AI app page&quot;, &quot;Optional[Openfabric AI Testnet]&quot;)">runScenario("User navigates to the chosen AI app page", "Optional[Openfabric AI Testnet]")</a> <!-- method navigator-link -->
                      </span>
                      <br/>
                      <span>
                        <img src="passed.png" width="3%"/>
                        <a href="#" panel-name="suite-Default_suite" title="Runner.TestRunner" class="method navigator-link" hash-for-method="runScenario(&quot;User receives Payment success confirmation&quot;, &quot;Optional[Openfabric AI Testnet]&quot;)">runScenario("User receives Payment success confirmation", "Optional[Openfabric AI Testnet]")</a> <!-- method navigator-link -->
                      </span>
                      <br/>
                      <span>
                        <img src="passed.png" width="3%"/>
                        <a href="#" panel-name="suite-Default_suite" title="Runner.TestRunner" class="method navigator-link" hash-for-method="runScenario(&quot;User cannot select his favorite AI app&quot;, &quot;Optional[Openfabric AI Testnet]&quot;)">runScenario("User cannot select his favorite AI app", "Optional[Openfabric AI Testnet]")</a> <!-- method navigator-link -->
                      </span>
                      <br/>
                      <span>
                        <img src="passed.png" width="3%"/>
                        <a href="#" panel-name="suite-Default_suite" title="Runner.TestRunner" class="method navigator-link" hash-for-method="runScenario(&quot;User starts the create instance flow&quot;, &quot;Optional[Openfabric AI Testnet]&quot;)">runScenario("User starts the create instance flow", "Optional[Openfabric AI Testnet]")</a> <!-- method navigator-link -->
                      </span>
                      <br/>
                      <span>
                        <img src="passed.png" width="3%"/>
                        <a href="#" panel-name="suite-Default_suite" title="Runner.TestRunner" class="method navigator-link" hash-for-method="runScenario(&quot;User can see available AI apps&quot;, &quot;Optional[Openfabric AI Testnet]&quot;)">runScenario("User can see available AI apps", "Optional[Openfabric AI Testnet]")</a> <!-- method navigator-link -->
                      </span>
                      <br/>
                      <span>
                        <img src="passed.png" width="3%"/>
                        <a href="#" panel-name="suite-Default_suite" title="Runner.TestRunner" class="method navigator-link" hash-for-method="runScenario(&quot;User not able to access the AI app&quot;, &quot;Optional[Openfabric AI Testnet]&quot;)">runScenario("User not able to access the AI app", "Optional[Openfabric AI Testnet]")</a> <!-- method navigator-link -->
                      </span>
                      <br/>
                      <span>
                        <img src="passed.png" width="3%"/>
                        <a href="#" panel-name="suite-Default_suite" title="Runner.TestRunner" class="method navigator-link" hash-for-method="runScenario(&quot;User doesn&#039;t get started with the create instance flow&quot;, &quot;Optional[Openfabric AI Testnet]&quot;)">runScenario("User doesn't get started with the create instance flow", "Optional[Openfabric AI Testnet]")</a> <!-- method navigator-link -->
                      </span>
                      <br/>
                      <span>
                        <img src="passed.png" width="3%"/>
                        <a href="#" panel-name="suite-Default_suite" title="Runner.TestRunner" class="method navigator-link" hash-for-method="runScenario(&quot;User not able to run the AI app&quot;, &quot;Optional[Openfabric AI Testnet]&quot;)">runScenario("User not able to run the AI app", "Optional[Openfabric AI Testnet]")</a> <!-- method navigator-link -->
                      </span>
                      <br/>
                      <span>
                        <img src="passed.png" width="3%"/>
                        <a href="#" panel-name="suite-Default_suite" title="Runner.TestRunner" class="method navigator-link" hash-for-method="runScenario(&quot;User can run the AI app&quot;, &quot;Optional[Openfabric AI Testnet]&quot;)">runScenario("User can run the AI app", "Optional[Openfabric AI Testnet]")</a> <!-- method navigator-link -->
                      </span>
                      <br/>
                      <span>
                        <img src="passed.png" width="3%"/>
                        <a href="#" panel-name="suite-Default_suite" title="Runner.TestRunner" class="method navigator-link" hash-for-method="runScenario(&quot;User not able to add notes about the app experience&quot;, &quot;Optional[Openfabric AI Testnet]&quot;)">runScenario("User not able to add notes about the app experience", "Optional[Openfabric AI Testnet]")</a> <!-- method navigator-link -->
                      </span>
                      <br/>
                      <span>
                        <img src="passed.png" width="3%"/>
                        <a href="#" panel-name="suite-Default_suite" title="Runner.TestRunner" class="method navigator-link" hash-for-method="runScenario(&quot;User visits the Openfabric website&quot;, &quot;Optional[Openfabric AI Testnet]&quot;)">runScenario("User visits the Openfabric website", "Optional[Openfabric AI Testnet]")</a> <!-- method navigator-link -->
                      </span>
                      <br/>
                      <span>
                        <img src="passed.png" width="3%"/>
                        <a href="#" panel-name="suite-Default_suite" title="Runner.TestRunner" class="method navigator-link" hash-for-method="runScenario(&quot;User enters installation process of the AI app&quot;, &quot;Optional[Openfabric AI Testnet]&quot;)">runScenario("User enters installation process of the AI app", "Optional[Openfabric AI Testnet]")</a> <!-- method navigator-link -->
                      </span>
                      <br/>
                      <span>
                        <img src="passed.png" width="3%"/>
                        <a href="#" panel-name="suite-Default_suite" title="Runner.TestRunner" class="method navigator-link" hash-for-method="runScenario(&quot;User receives Payment process failed message&quot;, &quot;Optional[Openfabric AI Testnet]&quot;)">runScenario("User receives Payment process failed message", "Optional[Openfabric AI Testnet]")</a> <!-- method navigator-link -->
                      </span>
                      <br/>
                      <span>
                        <img src="passed.png" width="3%"/>
                        <a href="#" panel-name="suite-Default_suite" title="Runner.TestRunner" class="method navigator-link" hash-for-method="runScenario(&quot;User stays on the same Openfabric Testnet page&quot;, &quot;Optional[Openfabric AI Testnet]&quot;)">runScenario("User stays on the same Openfabric Testnet page", "Optional[Openfabric AI Testnet]")</a> <!-- method navigator-link -->
                      </span>
                      <br/>
                      <span>
                        <img src="passed.png" width="3%"/>
                        <a href="#" panel-name="suite-Default_suite" title="Runner.TestRunner" class="method navigator-link" hash-for-method="runScenario(&quot;User not able to enter the installation process of AI app&quot;, &quot;Optional[Openfabric AI Testnet]&quot;)">runScenario("User not able to enter the installation process of AI app", "Optional[Openfabric AI Testnet]")</a> <!-- method navigator-link -->
                      </span>
                      <br/>
                      <span>
                        <img src="passed.png" width="3%"/>
                        <a href="#" panel-name="suite-Default_suite" title="Runner.TestRunner" class="method navigator-link" hash-for-method="runScenario(&quot;User stays on the infrastructure selection&quot;, &quot;Optional[Openfabric AI Testnet]&quot;)">runScenario("User stays on the infrastructure selection", "Optional[Openfabric AI Testnet]")</a> <!-- method navigator-link -->
                      </span>
                      <br/>
                      <span>
                        <img src="passed.png" width="3%"/>
                        <a href="#" panel-name="suite-Default_suite" title="Runner.TestRunner" class="method navigator-link" hash-for-method="runScenario(&quot;User can rate the app&quot;, &quot;Optional[Openfabric AI Testnet]&quot;)">runScenario("User can rate the app", "Optional[Openfabric AI Testnet]")</a> <!-- method navigator-link -->
                      </span>
                      <br/>
                      <span>
                        <img src="passed.png" width="3%"/>
                        <a href="#" panel-name="suite-Default_suite" title="Runner.TestRunner" class="method navigator-link" hash-for-method="runScenario(&quot;User can add notes about the app experience&quot;, &quot;Optional[Openfabric AI Testnet]&quot;)">runScenario("User can add notes about the app experience", "Optional[Openfabric AI Testnet]")</a> <!-- method navigator-link -->
                      </span>
                      <br/>
                      <span>
                        <img src="passed.png" width="3%"/>
                        <a href="#" panel-name="suite-Default_suite" title="Runner.TestRunner" class="method navigator-link" hash-for-method="runScenario(&quot;User not able to rate the app&quot;, &quot;Optional[Openfabric AI Testnet]&quot;)">runScenario("User not able to rate the app", "Optional[Openfabric AI Testnet]")</a> <!-- method navigator-link -->
                      </span>
                      <br/>
                    </div> <!-- method-list-content passed suite-Default_suite -->
                  </li>
                </ul>
              </div> <!-- suite-section-content -->
            </div> <!-- result-section -->
          </div> <!-- navigator-suite-content -->
        </div> <!-- rounded-window -->
      </div> <!-- suite -->
    </div> <!-- navigator-root -->
    <div class="wrapper">
      <div class="main-panel-root">
        <div panel-name="suite-Default_suite" class="panel Default_suite">
          <div class="suite-Default_suite-class-failed">
            <div class="main-panel-header rounded-window-top">
              <img src="failed.png"/>
              <span class="class-name">Runner.TestRunner</span>
            </div> <!-- main-panel-header rounded-window-top -->
            <div class="main-panel-content rounded-window-bottom">
              <div class="method">
                <div class="method-content">
                  <a name="runScenario(&quot;User not able to choose the favorite Infrastructure option&quot;, &quot;Optional[Openfabric AI Testnet]&quot;)">
                  </a> <!-- runScenario("User not able to choose the favorite Infrastructure option", "Optional[Openfabric AI Testnet]") -->
                  <span class="method-name">runScenario</span>
                  <span class="parameters">("User not able to choose the favorite Infrastructure option","Optional[Openfabric AI Testnet]")</span>
                  <div class="stack-trace">org.openqa.selenium.NoSuchElementException: no such element: Unable to locate element: {&quot;method&quot;:&quot;css selector&quot;,&quot;selector&quot;:&quot;*[name=&apos;placeholder&apos;]&quot;}
  (Session info: chrome=120.0.6099.225)
For documentation on this error, please visit: https://www.selenium.dev/documentation/webdriver/troubleshooting/errors#no-such-element-exception
Build info: version: &apos;4.17.0&apos;, revision: &apos;e52b1be057*&apos;
System info: os.name: &apos;Windows 11&apos;, os.arch: &apos;amd64&apos;, os.version: &apos;10.0&apos;, java.version: &apos;19.0.2&apos;
Driver info: org.openqa.selenium.chrome.ChromeDriver
Command: [21b2f0b6a3bc0e251effcc38df51c74a, findElement {using=css selector, value=*[name=&apos;placeholder&apos;]}]
Capabilities {acceptInsecureCerts: false, browserName: chrome, browserVersion: 120.0.6099.225, chrome: {chromedriverVersion: 120.0.6099.109 (3419140ab66..., userDataDir: C:\Users\shaun\AppData\Loca...}, fedcm:accounts: true, goog:chromeOptions: {debuggerAddress: localhost:60186}, networkConnectionEnabled: false, pageLoadStrategy: normal, platformName: windows, proxy: Proxy(), se:cdp: ws://localhost:60186/devtoo..., se:cdpVersion: 120.0.6099.225, setWindowRect: true, strictFileInteractability: false, timeouts: {implicit: 0, pageLoad: 300000, script: 30000}, unhandledPromptBehavior: dismiss and notify, webauthn:extension:credBlob: true, webauthn:extension:largeBlob: true, webauthn:extension:minPinLength: true, webauthn:extension:prf: true, webauthn:virtualAuthenticators: true}
Session ID: 21b2f0b6a3bc0e251effcc38df51c74a
	at java.base/jdk.internal.reflect.DirectConstructorHandleAccessor.newInstance(DirectConstructorHandleAccessor.java:67)
	at java.base/java.lang.reflect.Constructor.newInstanceWithCaller(Constructor.java:500)
	at java.base/java.lang.reflect.Constructor.newInstance(Constructor.java:484)
	at org.openqa.selenium.remote.codec.w3c.W3CHttpResponseCodec.createException(W3CHttpResponseCodec.java:185)
	at org.openqa.selenium.remote.codec.w3c.W3CHttpResponseCodec.decode(W3CHttpResponseCodec.java:134)
	at org.openqa.selenium.remote.codec.w3c.W3CHttpResponseCodec.decode(W3CHttpResponseCodec.java:51)
	at org.openqa.selenium.remote.HttpCommandExecutor.execute(HttpCommandExecutor.java:190)
	at org.openqa.selenium.remote.service.DriverCommandExecutor.invokeExecute(DriverCommandExecutor.java:216)
	at org.openqa.selenium.remote.service.DriverCommandExecutor.execute(DriverCommandExecutor.java:174)
	at org.openqa.selenium.remote.RemoteWebDriver.execute(RemoteWebDriver.java:519)
	at org.openqa.selenium.remote.ElementLocation$ElementFinder$2.findElement(ElementLocation.java:165)
	at org.openqa.selenium.remote.ElementLocation.findElement(ElementLocation.java:59)
	at org.openqa.selenium.remote.RemoteWebDriver.findElement(RemoteWebDriver.java:356)
	at org.openqa.selenium.remote.RemoteWebDriver.findElement(RemoteWebDriver.java:350)
	at org.openqa.selenium.By$PreW3CLocator.findElement(By.java:430)
	at org.openqa.selenium.By$ByName.findElement(By.java:237)
	at org.openqa.selenium.support.ByIdOrName.findElement(ByIdOrName.java:49)
	at org.openqa.selenium.remote.ElementLocation$ElementFinder$1.findElement(ElementLocation.java:139)
	at org.openqa.selenium.remote.ElementLocation.findElement(ElementLocation.java:59)
	at org.openqa.selenium.remote.RemoteWebDriver.findElement(RemoteWebDriver.java:356)
	at org.openqa.selenium.remote.RemoteWebDriver.findElement(RemoteWebDriver.java:350)
	at org.openqa.selenium.support.pagefactory.DefaultElementLocator.findElement(DefaultElementLocator.java:68)
	at org.openqa.selenium.support.pagefactory.internal.LocatingElementHandler.invoke(LocatingElementHandler.java:38)
	at jdk.proxy2/jdk.proxy2.$Proxy22.isDisplayed(Unknown Source)
	at Stepdefinition.openfabric_stepdefinition.user_sees_the_options_of(openfabric_stepdefinition.java:273)
	at ✽.User sees the options of &quot;Infrastructure Selection&quot;(file:///C:/Users/shaun/eclipse-workspace/OpenFabric_AdelineGrace/src/test/resources/Feature/openfabric.feature:107)

</div> <!-- stack-trace -->
                  <em>
(Runs Cucumber Scenarios)                  </em>
                </div> <!-- method-content -->
              </div> <!-- method -->
              <div class="method">
                <div class="method-content">
                  <a name="runScenario(&quot;User cannot signup with missing email&quot;, &quot;Optional[Openfabric AI Testnet]&quot;)">
                  </a> <!-- runScenario("User cannot signup with missing email", "Optional[Openfabric AI Testnet]") -->
                  <span class="method-name">runScenario</span>
                  <span class="parameters">("User cannot signup with missing email","Optional[Openfabric AI Testnet]")</span>
                  <div class="stack-trace">io.cucumber.core.exception.CucumberException: Step [User Clicks {string} after Entering the missing Email in the Registration Form] is defined with 2 parameters at &apos;Stepdefinition.openfabric_stepdefinition.user_clicks_after_entering_the_missing_Email_in_the_registration_form(java.lang.String,io.cucumber.datatable.DataTable)&apos;.
However, the gherkin step has 1 arguments:
 * &quot;Sign Up&quot;
Step text: User Clicks &quot;Sign Up&quot; after Entering the missing Email in the Registration Form
	at io.cucumber.core.runner.PickleStepDefinitionMatch.arityMismatch(PickleStepDefinitionMatch.java:83)
	at io.cucumber.core.runner.PickleStepDefinitionMatch.runStep(PickleStepDefinitionMatch.java:42)
	at io.cucumber.core.runner.ExecutionMode$1.execute(ExecutionMode.java:10)
	at io.cucumber.core.runner.TestStep.executeStep(TestStep.java:86)
	at io.cucumber.core.runner.TestStep.run(TestStep.java:57)
	at io.cucumber.core.runner.PickleStepTestStep.run(PickleStepTestStep.java:51)
	at io.cucumber.core.runner.TestCase.run(TestCase.java:95)
	at io.cucumber.core.runner.Runner.runPickle(Runner.java:75)
	at io.cucumber.testng.TestNGCucumberRunner.lambda$runScenario$1(TestNGCucumberRunner.java:132)
	at io.cucumber.core.runtime.CucumberExecutionContext.lambda$runTestCase$3(CucumberExecutionContext.java:151)
	at io.cucumber.core.runtime.RethrowingThrowableCollector.executeAndThrow(RethrowingThrowableCollector.java:23)
	at io.cucumber.core.runtime.CucumberExecutionContext.runTestCase(CucumberExecutionContext.java:151)
	at io.cucumber.testng.TestNGCucumberRunner.runScenario(TestNGCucumberRunner.java:129)
	at io.cucumber.testng.AbstractTestNGCucumberTests.runScenario(AbstractTestNGCucumberTests.java:35)
	at java.base/jdk.internal.reflect.DirectMethodHandleAccessor.invoke(DirectMethodHandleAccessor.java:104)
	at java.base/java.lang.reflect.Method.invoke(Method.java:578)
	at org.testng.internal.invokers.MethodInvocationHelper.invokeMethod(MethodInvocationHelper.java:139)
	at org.testng.internal.invokers.TestInvoker.invokeMethod(TestInvoker.java:677)
	at org.testng.internal.invokers.TestInvoker.invokeTestMethod(TestInvoker.java:221)
	at org.testng.internal.invokers.MethodRunner.runInSequence(MethodRunner.java:50)
	at org.testng.internal.invokers.TestInvoker$MethodInvocationAgent.invoke(TestInvoker.java:969)
	at org.testng.internal.invokers.TestInvoker.invokeTestMethods(TestInvoker.java:194)
	at org.testng.internal.invokers.TestMethodWorker.invokeTestMethods(TestMethodWorker.java:148)
	at org.testng.internal.invokers.TestMethodWorker.run(TestMethodWorker.java:128)
	at java.base/java.util.ArrayList.forEach(ArrayList.java:1511)
	at org.testng.TestRunner.privateRun(TestRunner.java:829)
	at org.testng.TestRunner.run(TestRunner.java:602)
	at org.testng.SuiteRunner.runTest(SuiteRunner.java:437)
	at org.testng.SuiteRunner.runSequentially(SuiteRunner.java:431)
	at org.testng.SuiteRunner.privateRun(SuiteRunner.java:391)
	at org.testng.SuiteRunner.run(SuiteRunner.java:330)
	at org.testng.SuiteRunnerWorker.runSuite(SuiteRunnerWorker.java:52)
	at org.testng.SuiteRunnerWorker.run(SuiteRunnerWorker.java:95)
	at org.testng.TestNG.runSuitesSequentially(TestNG.java:1256)
	at org.testng.TestNG.runSuitesLocally(TestNG.java:1176)
	at org.testng.TestNG.runSuites(TestNG.java:1099)
	at org.testng.TestNG.run(TestNG.java:1067)
	at org.testng.remote.AbstractRemoteTestNG.run(AbstractRemoteTestNG.java:115)
	at org.testng.remote.RemoteTestNG.initAndRun(RemoteTestNG.java:251)
	at org.testng.remote.RemoteTestNG.main(RemoteTestNG.java:77)

</div> <!-- stack-trace -->
                  <em>
(Runs Cucumber Scenarios)                  </em>
                </div> <!-- method-content -->
              </div> <!-- method -->
              <div class="method">
                <div class="method-content">
                  <a name="runScenario(&quot;User setups Metamask&quot;, &quot;Optional[Openfabric AI Testnet]&quot;)">
                  </a> <!-- runScenario("User setups Metamask", "Optional[Openfabric AI Testnet]") -->
                  <span class="method-name">runScenario</span>
                  <span class="parameters">("User setups Metamask","Optional[Openfabric AI Testnet]")</span>
                  <div class="stack-trace">org.openqa.selenium.NoSuchElementException: no such element: Unable to locate element: {&quot;method&quot;:&quot;css selector&quot;,&quot;selector&quot;:&quot;#Connect&quot;}
  (Session info: chrome=120.0.6099.225)
For documentation on this error, please visit: https://www.selenium.dev/documentation/webdriver/troubleshooting/errors#no-such-element-exception
Build info: version: &apos;4.17.0&apos;, revision: &apos;e52b1be057*&apos;
System info: os.name: &apos;Windows 11&apos;, os.arch: &apos;amd64&apos;, os.version: &apos;10.0&apos;, java.version: &apos;19.0.2&apos;
Driver info: org.openqa.selenium.chrome.ChromeDriver
Command: [21b2f0b6a3bc0e251effcc38df51c74a, findElement {using=id, value=Connect}]
Capabilities {acceptInsecureCerts: false, browserName: chrome, browserVersion: 120.0.6099.225, chrome: {chromedriverVersion: 120.0.6099.109 (3419140ab66..., userDataDir: C:\Users\shaun\AppData\Loca...}, fedcm:accounts: true, goog:chromeOptions: {debuggerAddress: localhost:60186}, networkConnectionEnabled: false, pageLoadStrategy: normal, platformName: windows, proxy: Proxy(), se:cdp: ws://localhost:60186/devtoo..., se:cdpVersion: 120.0.6099.225, setWindowRect: true, strictFileInteractability: false, timeouts: {implicit: 0, pageLoad: 300000, script: 30000}, unhandledPromptBehavior: dismiss and notify, webauthn:extension:credBlob: true, webauthn:extension:largeBlob: true, webauthn:extension:minPinLength: true, webauthn:extension:prf: true, webauthn:virtualAuthenticators: true}
Session ID: 21b2f0b6a3bc0e251effcc38df51c74a
	at java.base/jdk.internal.reflect.DirectConstructorHandleAccessor.newInstance(DirectConstructorHandleAccessor.java:67)
	at java.base/java.lang.reflect.Constructor.newInstanceWithCaller(Constructor.java:500)
	at java.base/java.lang.reflect.Constructor.newInstance(Constructor.java:484)
	at org.openqa.selenium.remote.codec.w3c.W3CHttpResponseCodec.createException(W3CHttpResponseCodec.java:185)
	at org.openqa.selenium.remote.codec.w3c.W3CHttpResponseCodec.decode(W3CHttpResponseCodec.java:134)
	at org.openqa.selenium.remote.codec.w3c.W3CHttpResponseCodec.decode(W3CHttpResponseCodec.java:51)
	at org.openqa.selenium.remote.HttpCommandExecutor.execute(HttpCommandExecutor.java:190)
	at org.openqa.selenium.remote.service.DriverCommandExecutor.invokeExecute(DriverCommandExecutor.java:216)
	at org.openqa.selenium.remote.service.DriverCommandExecutor.execute(DriverCommandExecutor.java:174)
	at org.openqa.selenium.remote.RemoteWebDriver.execute(RemoteWebDriver.java:519)
	at org.openqa.selenium.remote.ElementLocation$ElementFinder$2.findElement(ElementLocation.java:165)
	at org.openqa.selenium.remote.ElementLocation.findElement(ElementLocation.java:66)
	at org.openqa.selenium.remote.RemoteWebDriver.findElement(RemoteWebDriver.java:356)
	at org.openqa.selenium.remote.RemoteWebDriver.findElement(RemoteWebDriver.java:350)
	at Stepdefinition.openfabric_stepdefinition.user_follows_onscreen_instruction_to_setup_metamask(openfabric_stepdefinition.java:84)
	at ✽.User follows onscreen instruction to setup Metamask(file:///C:/Users/shaun/eclipse-workspace/OpenFabric_AdelineGrace/src/test/resources/Feature/openfabric.feature:20)

</div> <!-- stack-trace -->
                  <em>
(Runs Cucumber Scenarios)                  </em>
                </div> <!-- method-content -->
              </div> <!-- method -->
              <div class="method">
                <div class="method-content">
                  <a name="runScenario(&quot;User cannot signup with missing lastname&quot;, &quot;Optional[Openfabric AI Testnet]&quot;)">
                  </a> <!-- runScenario("User cannot signup with missing lastname", "Optional[Openfabric AI Testnet]") -->
                  <span class="method-name">runScenario</span>
                  <span class="parameters">("User cannot signup with missing lastname","Optional[Openfabric AI Testnet]")</span>
                  <div class="stack-trace">io.cucumber.core.exception.CucumberException: Step [User Clicks {string} after Entering the missing LastName in the Registration Form] is defined with 2 parameters at &apos;Stepdefinition.openfabric_stepdefinition.user_clicks_after_entering_the_missing_LastName_in_the_registration_form(java.lang.String,io.cucumber.datatable.DataTable)&apos;.
However, the gherkin step has 1 arguments:
 * &quot;Sign Up&quot;
Step text: User Clicks &quot;Sign Up&quot; after Entering the missing LastName in the Registration Form
	at io.cucumber.core.runner.PickleStepDefinitionMatch.arityMismatch(PickleStepDefinitionMatch.java:83)
	at io.cucumber.core.runner.PickleStepDefinitionMatch.runStep(PickleStepDefinitionMatch.java:42)
	at io.cucumber.core.runner.ExecutionMode$1.execute(ExecutionMode.java:10)
	at io.cucumber.core.runner.TestStep.executeStep(TestStep.java:86)
	at io.cucumber.core.runner.TestStep.run(TestStep.java:57)
	at io.cucumber.core.runner.PickleStepTestStep.run(PickleStepTestStep.java:51)
	at io.cucumber.core.runner.TestCase.run(TestCase.java:95)
	at io.cucumber.core.runner.Runner.runPickle(Runner.java:75)
	at io.cucumber.testng.TestNGCucumberRunner.lambda$runScenario$1(TestNGCucumberRunner.java:132)
	at io.cucumber.core.runtime.CucumberExecutionContext.lambda$runTestCase$3(CucumberExecutionContext.java:151)
	at io.cucumber.core.runtime.RethrowingThrowableCollector.executeAndThrow(RethrowingThrowableCollector.java:23)
	at io.cucumber.core.runtime.CucumberExecutionContext.runTestCase(CucumberExecutionContext.java:151)
	at io.cucumber.testng.TestNGCucumberRunner.runScenario(TestNGCucumberRunner.java:129)
	at io.cucumber.testng.AbstractTestNGCucumberTests.runScenario(AbstractTestNGCucumberTests.java:35)
	at java.base/jdk.internal.reflect.DirectMethodHandleAccessor.invoke(DirectMethodHandleAccessor.java:104)
	at java.base/java.lang.reflect.Method.invoke(Method.java:578)
	at org.testng.internal.invokers.MethodInvocationHelper.invokeMethod(MethodInvocationHelper.java:139)
	at org.testng.internal.invokers.TestInvoker.invokeMethod(TestInvoker.java:677)
	at org.testng.internal.invokers.TestInvoker.invokeTestMethod(TestInvoker.java:221)
	at org.testng.internal.invokers.MethodRunner.runInSequence(MethodRunner.java:50)
	at org.testng.internal.invokers.TestInvoker$MethodInvocationAgent.invoke(TestInvoker.java:969)
	at org.testng.internal.invokers.TestInvoker.invokeTestMethods(TestInvoker.java:194)
	at org.testng.internal.invokers.TestMethodWorker.invokeTestMethods(TestMethodWorker.java:148)
	at org.testng.internal.invokers.TestMethodWorker.run(TestMethodWorker.java:128)
	at java.base/java.util.ArrayList.forEach(ArrayList.java:1511)
	at org.testng.TestRunner.privateRun(TestRunner.java:829)
	at org.testng.TestRunner.run(TestRunner.java:602)
	at org.testng.SuiteRunner.runTest(SuiteRunner.java:437)
	at org.testng.SuiteRunner.runSequentially(SuiteRunner.java:431)
	at org.testng.SuiteRunner.privateRun(SuiteRunner.java:391)
	at org.testng.SuiteRunner.run(SuiteRunner.java:330)
	at org.testng.SuiteRunnerWorker.runSuite(SuiteRunnerWorker.java:52)
	at org.testng.SuiteRunnerWorker.run(SuiteRunnerWorker.java:95)
	at org.testng.TestNG.runSuitesSequentially(TestNG.java:1256)
	at org.testng.TestNG.runSuitesLocally(TestNG.java:1176)
	at org.testng.TestNG.runSuites(TestNG.java:1099)
	at org.testng.TestNG.run(TestNG.java:1067)
	at org.testng.remote.AbstractRemoteTestNG.run(AbstractRemoteTestNG.java:115)
	at org.testng.remote.RemoteTestNG.initAndRun(RemoteTestNG.java:251)
	at org.testng.remote.RemoteTestNG.main(RemoteTestNG.java:77)

</div> <!-- stack-trace -->
                  <em>
(Runs Cucumber Scenarios)                  </em>
                </div> <!-- method-content -->
              </div> <!-- method -->
              <div class="method">
                <div class="method-content">
                  <a name="runScenario(&quot;User cannot signup with invalid email&quot;, &quot;Optional[Openfabric AI Testnet]&quot;)">
                  </a> <!-- runScenario("User cannot signup with invalid email", "Optional[Openfabric AI Testnet]") -->
                  <span class="method-name">runScenario</span>
                  <span class="parameters">("User cannot signup with invalid email","Optional[Openfabric AI Testnet]")</span>
                  <div class="stack-trace">io.cucumber.core.exception.CucumberException: Step [User Clicks {string} after Entering the invalid values in the Registration Form] is defined with 2 parameters at &apos;Stepdefinition.openfabric_stepdefinition.user_clicks_after_entering_the_invalid_values_in_the_registration_form(java.lang.String,io.cucumber.datatable.DataTable)&apos;.
However, the gherkin step has 1 arguments:
 * &quot;Sign Up&quot;
Step text: User Clicks &quot;Sign Up&quot; after Entering the invalid values in the Registration Form
	at io.cucumber.core.runner.PickleStepDefinitionMatch.arityMismatch(PickleStepDefinitionMatch.java:83)
	at io.cucumber.core.runner.PickleStepDefinitionMatch.runStep(PickleStepDefinitionMatch.java:42)
	at io.cucumber.core.runner.ExecutionMode$1.execute(ExecutionMode.java:10)
	at io.cucumber.core.runner.TestStep.executeStep(TestStep.java:86)
	at io.cucumber.core.runner.TestStep.run(TestStep.java:57)
	at io.cucumber.core.runner.PickleStepTestStep.run(PickleStepTestStep.java:51)
	at io.cucumber.core.runner.TestCase.run(TestCase.java:95)
	at io.cucumber.core.runner.Runner.runPickle(Runner.java:75)
	at io.cucumber.testng.TestNGCucumberRunner.lambda$runScenario$1(TestNGCucumberRunner.java:132)
	at io.cucumber.core.runtime.CucumberExecutionContext.lambda$runTestCase$3(CucumberExecutionContext.java:151)
	at io.cucumber.core.runtime.RethrowingThrowableCollector.executeAndThrow(RethrowingThrowableCollector.java:23)
	at io.cucumber.core.runtime.CucumberExecutionContext.runTestCase(CucumberExecutionContext.java:151)
	at io.cucumber.testng.TestNGCucumberRunner.runScenario(TestNGCucumberRunner.java:129)
	at io.cucumber.testng.AbstractTestNGCucumberTests.runScenario(AbstractTestNGCucumberTests.java:35)
	at java.base/jdk.internal.reflect.DirectMethodHandleAccessor.invoke(DirectMethodHandleAccessor.java:104)
	at java.base/java.lang.reflect.Method.invoke(Method.java:578)
	at org.testng.internal.invokers.MethodInvocationHelper.invokeMethod(MethodInvocationHelper.java:139)
	at org.testng.internal.invokers.TestInvoker.invokeMethod(TestInvoker.java:677)
	at org.testng.internal.invokers.TestInvoker.invokeTestMethod(TestInvoker.java:221)
	at org.testng.internal.invokers.MethodRunner.runInSequence(MethodRunner.java:50)
	at org.testng.internal.invokers.TestInvoker$MethodInvocationAgent.invoke(TestInvoker.java:969)
	at org.testng.internal.invokers.TestInvoker.invokeTestMethods(TestInvoker.java:194)
	at org.testng.internal.invokers.TestMethodWorker.invokeTestMethods(TestMethodWorker.java:148)
	at org.testng.internal.invokers.TestMethodWorker.run(TestMethodWorker.java:128)
	at java.base/java.util.ArrayList.forEach(ArrayList.java:1511)
	at org.testng.TestRunner.privateRun(TestRunner.java:829)
	at org.testng.TestRunner.run(TestRunner.java:602)
	at org.testng.SuiteRunner.runTest(SuiteRunner.java:437)
	at org.testng.SuiteRunner.runSequentially(SuiteRunner.java:431)
	at org.testng.SuiteRunner.privateRun(SuiteRunner.java:391)
	at org.testng.SuiteRunner.run(SuiteRunner.java:330)
	at org.testng.SuiteRunnerWorker.runSuite(SuiteRunnerWorker.java:52)
	at org.testng.SuiteRunnerWorker.run(SuiteRunnerWorker.java:95)
	at org.testng.TestNG.runSuitesSequentially(TestNG.java:1256)
	at org.testng.TestNG.runSuitesLocally(TestNG.java:1176)
	at org.testng.TestNG.runSuites(TestNG.java:1099)
	at org.testng.TestNG.run(TestNG.java:1067)
	at org.testng.remote.AbstractRemoteTestNG.run(AbstractRemoteTestNG.java:115)
	at org.testng.remote.RemoteTestNG.initAndRun(RemoteTestNG.java:251)
	at org.testng.remote.RemoteTestNG.main(RemoteTestNG.java:77)

</div> <!-- stack-trace -->
                  <em>
(Runs Cucumber Scenarios)                  </em>
                </div> <!-- method-content -->
              </div> <!-- method -->
              <div class="method">
                <div class="method-content">
                  <a name="runScenario(&quot;User finds Metamask missing popup&quot;, &quot;Optional[Openfabric AI Testnet]&quot;)">
                  </a> <!-- runScenario("User finds Metamask missing popup", "Optional[Openfabric AI Testnet]") -->
                  <span class="method-name">runScenario</span>
                  <span class="parameters">("User finds Metamask missing popup","Optional[Openfabric AI Testnet]")</span>
                  <div class="stack-trace">java.lang.NullPointerException: Cannot invoke &quot;org.openqa.selenium.WebDriver.findElement(org.openqa.selenium.By)&quot; because &quot;this.driver&quot; is null
	at pageobject.Openfabric_page.Click_LoginWithOther(Openfabric_page.java:35)
	at Stepdefinition.openfabric_stepdefinition.user_clicks_login_with_metamask_icon(openfabric_stepdefinition.java:46)
	at ✽.User clicks Login with Metamask icon(file:///C:/Users/shaun/eclipse-workspace/OpenFabric_AdelineGrace/src/test/resources/Feature/openfabric.feature:10)

</div> <!-- stack-trace -->
                  <em>
(Runs Cucumber Scenarios)                  </em>
                </div> <!-- method-content -->
              </div> <!-- method -->
              <div class="method">
                <div class="method-content">
                  <a name="runScenario(&quot;User can signup with valid details&quot;, &quot;Optional[Openfabric AI Testnet]&quot;)">
                  </a> <!-- runScenario("User can signup with valid details", "Optional[Openfabric AI Testnet]") -->
                  <span class="method-name">runScenario</span>
                  <span class="parameters">("User can signup with valid details","Optional[Openfabric AI Testnet]")</span>
                  <div class="stack-trace">io.cucumber.core.exception.CucumberException: Step [User Clicks {string} after Entering the valid values in the Registration Form] is defined with 2 parameters at &apos;Stepdefinition.openfabric_stepdefinition.user_clicks_after_entering_the_valid_values_in_the_registration_form(java.lang.String,io.cucumber.datatable.DataTable)&apos;.
However, the gherkin step has 1 arguments:
 * &quot;Sign Up&quot;
Step text: User Clicks &quot;Sign Up&quot; after Entering the valid values in the Registration Form
	at io.cucumber.core.runner.PickleStepDefinitionMatch.arityMismatch(PickleStepDefinitionMatch.java:83)
	at io.cucumber.core.runner.PickleStepDefinitionMatch.runStep(PickleStepDefinitionMatch.java:42)
	at io.cucumber.core.runner.ExecutionMode$1.execute(ExecutionMode.java:10)
	at io.cucumber.core.runner.TestStep.executeStep(TestStep.java:86)
	at io.cucumber.core.runner.TestStep.run(TestStep.java:57)
	at io.cucumber.core.runner.PickleStepTestStep.run(PickleStepTestStep.java:51)
	at io.cucumber.core.runner.TestCase.run(TestCase.java:95)
	at io.cucumber.core.runner.Runner.runPickle(Runner.java:75)
	at io.cucumber.testng.TestNGCucumberRunner.lambda$runScenario$1(TestNGCucumberRunner.java:132)
	at io.cucumber.core.runtime.CucumberExecutionContext.lambda$runTestCase$3(CucumberExecutionContext.java:151)
	at io.cucumber.core.runtime.RethrowingThrowableCollector.executeAndThrow(RethrowingThrowableCollector.java:23)
	at io.cucumber.core.runtime.CucumberExecutionContext.runTestCase(CucumberExecutionContext.java:151)
	at io.cucumber.testng.TestNGCucumberRunner.runScenario(TestNGCucumberRunner.java:129)
	at io.cucumber.testng.AbstractTestNGCucumberTests.runScenario(AbstractTestNGCucumberTests.java:35)
	at java.base/jdk.internal.reflect.DirectMethodHandleAccessor.invoke(DirectMethodHandleAccessor.java:104)
	at java.base/java.lang.reflect.Method.invoke(Method.java:578)
	at org.testng.internal.invokers.MethodInvocationHelper.invokeMethod(MethodInvocationHelper.java:139)
	at org.testng.internal.invokers.TestInvoker.invokeMethod(TestInvoker.java:677)
	at org.testng.internal.invokers.TestInvoker.invokeTestMethod(TestInvoker.java:221)
	at org.testng.internal.invokers.MethodRunner.runInSequence(MethodRunner.java:50)
	at org.testng.internal.invokers.TestInvoker$MethodInvocationAgent.invoke(TestInvoker.java:969)
	at org.testng.internal.invokers.TestInvoker.invokeTestMethods(TestInvoker.java:194)
	at org.testng.internal.invokers.TestMethodWorker.invokeTestMethods(TestMethodWorker.java:148)
	at org.testng.internal.invokers.TestMethodWorker.run(TestMethodWorker.java:128)
	at java.base/java.util.ArrayList.forEach(ArrayList.java:1511)
	at org.testng.TestRunner.privateRun(TestRunner.java:829)
	at org.testng.TestRunner.run(TestRunner.java:602)
	at org.testng.SuiteRunner.runTest(SuiteRunner.java:437)
	at org.testng.SuiteRunner.runSequentially(SuiteRunner.java:431)
	at org.testng.SuiteRunner.privateRun(SuiteRunner.java:391)
	at org.testng.SuiteRunner.run(SuiteRunner.java:330)
	at org.testng.SuiteRunnerWorker.runSuite(SuiteRunnerWorker.java:52)
	at org.testng.SuiteRunnerWorker.run(SuiteRunnerWorker.java:95)
	at org.testng.TestNG.runSuitesSequentially(TestNG.java:1256)
	at org.testng.TestNG.runSuitesLocally(TestNG.java:1176)
	at org.testng.TestNG.runSuites(TestNG.java:1099)
	at org.testng.TestNG.run(TestNG.java:1067)
	at org.testng.remote.AbstractRemoteTestNG.run(AbstractRemoteTestNG.java:115)
	at org.testng.remote.RemoteTestNG.initAndRun(RemoteTestNG.java:251)
	at org.testng.remote.RemoteTestNG.main(RemoteTestNG.java:77)

</div> <!-- stack-trace -->
                  <em>
(Runs Cucumber Scenarios)                  </em>
                </div> <!-- method-content -->
              </div> <!-- method -->
              <div class="method">
                <div class="method-content">
                  <a name="runScenario(&quot;User can choose the favorite Infrastructure option&quot;, &quot;Optional[Openfabric AI Testnet]&quot;)">
                  </a> <!-- runScenario("User can choose the favorite Infrastructure option", "Optional[Openfabric AI Testnet]") -->
                  <span class="method-name">runScenario</span>
                  <span class="parameters">("User can choose the favorite Infrastructure option","Optional[Openfabric AI Testnet]")</span>
                  <div class="stack-trace">org.openqa.selenium.NoSuchElementException: no such element: Unable to locate element: {&quot;method&quot;:&quot;css selector&quot;,&quot;selector&quot;:&quot;*[name=&apos;placeholder&apos;]&quot;}
  (Session info: chrome=120.0.6099.225)
For documentation on this error, please visit: https://www.selenium.dev/documentation/webdriver/troubleshooting/errors#no-such-element-exception
Build info: version: &apos;4.17.0&apos;, revision: &apos;e52b1be057*&apos;
System info: os.name: &apos;Windows 11&apos;, os.arch: &apos;amd64&apos;, os.version: &apos;10.0&apos;, java.version: &apos;19.0.2&apos;
Driver info: org.openqa.selenium.chrome.ChromeDriver
Command: [21b2f0b6a3bc0e251effcc38df51c74a, findElement {using=css selector, value=*[name=&apos;placeholder&apos;]}]
Capabilities {acceptInsecureCerts: false, browserName: chrome, browserVersion: 120.0.6099.225, chrome: {chromedriverVersion: 120.0.6099.109 (3419140ab66..., userDataDir: C:\Users\shaun\AppData\Loca...}, fedcm:accounts: true, goog:chromeOptions: {debuggerAddress: localhost:60186}, networkConnectionEnabled: false, pageLoadStrategy: normal, platformName: windows, proxy: Proxy(), se:cdp: ws://localhost:60186/devtoo..., se:cdpVersion: 120.0.6099.225, setWindowRect: true, strictFileInteractability: false, timeouts: {implicit: 0, pageLoad: 300000, script: 30000}, unhandledPromptBehavior: dismiss and notify, webauthn:extension:credBlob: true, webauthn:extension:largeBlob: true, webauthn:extension:minPinLength: true, webauthn:extension:prf: true, webauthn:virtualAuthenticators: true}
Session ID: 21b2f0b6a3bc0e251effcc38df51c74a
	at java.base/jdk.internal.reflect.DirectConstructorHandleAccessor.newInstance(DirectConstructorHandleAccessor.java:67)
	at java.base/java.lang.reflect.Constructor.newInstanceWithCaller(Constructor.java:500)
	at java.base/java.lang.reflect.Constructor.newInstance(Constructor.java:484)
	at org.openqa.selenium.remote.codec.w3c.W3CHttpResponseCodec.createException(W3CHttpResponseCodec.java:185)
	at org.openqa.selenium.remote.codec.w3c.W3CHttpResponseCodec.decode(W3CHttpResponseCodec.java:134)
	at org.openqa.selenium.remote.codec.w3c.W3CHttpResponseCodec.decode(W3CHttpResponseCodec.java:51)
	at org.openqa.selenium.remote.HttpCommandExecutor.execute(HttpCommandExecutor.java:190)
	at org.openqa.selenium.remote.service.DriverCommandExecutor.invokeExecute(DriverCommandExecutor.java:216)
	at org.openqa.selenium.remote.service.DriverCommandExecutor.execute(DriverCommandExecutor.java:174)
	at org.openqa.selenium.remote.RemoteWebDriver.execute(RemoteWebDriver.java:519)
	at org.openqa.selenium.remote.ElementLocation$ElementFinder$2.findElement(ElementLocation.java:165)
	at org.openqa.selenium.remote.ElementLocation.findElement(ElementLocation.java:59)
	at org.openqa.selenium.remote.RemoteWebDriver.findElement(RemoteWebDriver.java:356)
	at org.openqa.selenium.remote.RemoteWebDriver.findElement(RemoteWebDriver.java:350)
	at org.openqa.selenium.By$PreW3CLocator.findElement(By.java:430)
	at org.openqa.selenium.By$ByName.findElement(By.java:237)
	at org.openqa.selenium.support.ByIdOrName.findElement(ByIdOrName.java:49)
	at org.openqa.selenium.remote.ElementLocation$ElementFinder$1.findElement(ElementLocation.java:139)
	at org.openqa.selenium.remote.ElementLocation.findElement(ElementLocation.java:59)
	at org.openqa.selenium.remote.RemoteWebDriver.findElement(RemoteWebDriver.java:356)
	at org.openqa.selenium.remote.RemoteWebDriver.findElement(RemoteWebDriver.java:350)
	at org.openqa.selenium.support.pagefactory.DefaultElementLocator.findElement(DefaultElementLocator.java:68)
	at org.openqa.selenium.support.pagefactory.internal.LocatingElementHandler.invoke(LocatingElementHandler.java:38)
	at jdk.proxy2/jdk.proxy2.$Proxy22.isDisplayed(Unknown Source)
	at Stepdefinition.openfabric_stepdefinition.user_sees_the_options_of(openfabric_stepdefinition.java:273)
	at ✽.User sees the options of &quot;Infrastructure Selection&quot;(file:///C:/Users/shaun/eclipse-workspace/OpenFabric_AdelineGrace/src/test/resources/Feature/openfabric.feature:101)

</div> <!-- stack-trace -->
                  <em>
(Runs Cucumber Scenarios)                  </em>
                </div> <!-- method-content -->
              </div> <!-- method -->
              <div class="method">
                <div class="method-content">
                  <a name="runScenario(&quot;User not able to see the &quot;+Create instances&quot; icon&quot;, &quot;Optional[Openfabric AI Testnet]&quot;)">
                  </a> <!-- runScenario("User not able to see the "+Create instances" icon", "Optional[Openfabric AI Testnet]") -->
                  <span class="method-name">runScenario</span>
                  <span class="parameters">("User not able to see the "+Create instances" icon","Optional[Openfabric AI Testnet]")</span>
                  <div class="stack-trace">org.openqa.selenium.NoSuchElementException: no such element: Unable to locate element: {&quot;method&quot;:&quot;css selector&quot;,&quot;selector&quot;:&quot;*[name=&apos;placeholder&apos;]&quot;}
  (Session info: chrome=120.0.6099.225)
For documentation on this error, please visit: https://www.selenium.dev/documentation/webdriver/troubleshooting/errors#no-such-element-exception
Build info: version: &apos;4.17.0&apos;, revision: &apos;e52b1be057*&apos;
System info: os.name: &apos;Windows 11&apos;, os.arch: &apos;amd64&apos;, os.version: &apos;10.0&apos;, java.version: &apos;19.0.2&apos;
Driver info: org.openqa.selenium.chrome.ChromeDriver
Command: [21b2f0b6a3bc0e251effcc38df51c74a, findElement {using=css selector, value=*[name=&apos;placeholder&apos;]}]
Capabilities {acceptInsecureCerts: false, browserName: chrome, browserVersion: 120.0.6099.225, chrome: {chromedriverVersion: 120.0.6099.109 (3419140ab66..., userDataDir: C:\Users\shaun\AppData\Loca...}, fedcm:accounts: true, goog:chromeOptions: {debuggerAddress: localhost:60186}, networkConnectionEnabled: false, pageLoadStrategy: normal, platformName: windows, proxy: Proxy(), se:cdp: ws://localhost:60186/devtoo..., se:cdpVersion: 120.0.6099.225, setWindowRect: true, strictFileInteractability: false, timeouts: {implicit: 0, pageLoad: 300000, script: 30000}, unhandledPromptBehavior: dismiss and notify, webauthn:extension:credBlob: true, webauthn:extension:largeBlob: true, webauthn:extension:minPinLength: true, webauthn:extension:prf: true, webauthn:virtualAuthenticators: true}
Session ID: 21b2f0b6a3bc0e251effcc38df51c74a
	at java.base/jdk.internal.reflect.DirectConstructorHandleAccessor.newInstance(DirectConstructorHandleAccessor.java:67)
	at java.base/java.lang.reflect.Constructor.newInstanceWithCaller(Constructor.java:500)
	at java.base/java.lang.reflect.Constructor.newInstance(Constructor.java:484)
	at org.openqa.selenium.remote.codec.w3c.W3CHttpResponseCodec.createException(W3CHttpResponseCodec.java:185)
	at org.openqa.selenium.remote.codec.w3c.W3CHttpResponseCodec.decode(W3CHttpResponseCodec.java:134)
	at org.openqa.selenium.remote.codec.w3c.W3CHttpResponseCodec.decode(W3CHttpResponseCodec.java:51)
	at org.openqa.selenium.remote.HttpCommandExecutor.execute(HttpCommandExecutor.java:190)
	at org.openqa.selenium.remote.service.DriverCommandExecutor.invokeExecute(DriverCommandExecutor.java:216)
	at org.openqa.selenium.remote.service.DriverCommandExecutor.execute(DriverCommandExecutor.java:174)
	at org.openqa.selenium.remote.RemoteWebDriver.execute(RemoteWebDriver.java:519)
	at org.openqa.selenium.remote.ElementLocation$ElementFinder$2.findElement(ElementLocation.java:165)
	at org.openqa.selenium.remote.ElementLocation.findElement(ElementLocation.java:59)
	at org.openqa.selenium.remote.RemoteWebDriver.findElement(RemoteWebDriver.java:356)
	at org.openqa.selenium.remote.RemoteWebDriver.findElement(RemoteWebDriver.java:350)
	at org.openqa.selenium.By$PreW3CLocator.findElement(By.java:430)
	at org.openqa.selenium.By$ByName.findElement(By.java:237)
	at org.openqa.selenium.support.ByIdOrName.findElement(ByIdOrName.java:49)
	at org.openqa.selenium.remote.ElementLocation$ElementFinder$1.findElement(ElementLocation.java:139)
	at org.openqa.selenium.remote.ElementLocation.findElement(ElementLocation.java:59)
	at org.openqa.selenium.remote.RemoteWebDriver.findElement(RemoteWebDriver.java:356)
	at org.openqa.selenium.remote.RemoteWebDriver.findElement(RemoteWebDriver.java:350)
	at org.openqa.selenium.support.pagefactory.DefaultElementLocator.findElement(DefaultElementLocator.java:68)
	at org.openqa.selenium.support.pagefactory.internal.LocatingElementHandler.invoke(LocatingElementHandler.java:38)
	at jdk.proxy2/jdk.proxy2.$Proxy22.isDisplayed(Unknown Source)
	at Stepdefinition.openfabric_stepdefinition.user_not_able_to_see_the_icon(openfabric_stepdefinition.java:251)
	at ✽.User not able to see the &quot;+Create instances&quot; icon(file:///C:/Users/shaun/eclipse-workspace/OpenFabric_AdelineGrace/src/test/resources/Feature/openfabric.feature:86)

</div> <!-- stack-trace -->
                  <em>
(Runs Cucumber Scenarios)                  </em>
                </div> <!-- method-content -->
              </div> <!-- method -->
              <div class="method">
                <div class="method-content">
                  <a name="runScenario(&quot;User cannot signup with missing firstname&quot;, &quot;Optional[Openfabric AI Testnet]&quot;)">
                  </a> <!-- runScenario("User cannot signup with missing firstname", "Optional[Openfabric AI Testnet]") -->
                  <span class="method-name">runScenario</span>
                  <span class="parameters">("User cannot signup with missing firstname","Optional[Openfabric AI Testnet]")</span>
                  <div class="stack-trace">io.cucumber.core.exception.CucumberException: Step [User Clicks {string} after Entering the missing FirstName in the Registration Form] is defined with 2 parameters at &apos;Stepdefinition.openfabric_stepdefinition.user_clicks_after_entering_the_missing_FirstName_in_the_registration_form(java.lang.String,io.cucumber.datatable.DataTable)&apos;.
However, the gherkin step has 1 arguments:
 * &quot;Sign Up&quot;
Step text: User Clicks &quot;Sign Up&quot; after Entering the missing FirstName in the Registration Form
	at io.cucumber.core.runner.PickleStepDefinitionMatch.arityMismatch(PickleStepDefinitionMatch.java:83)
	at io.cucumber.core.runner.PickleStepDefinitionMatch.runStep(PickleStepDefinitionMatch.java:42)
	at io.cucumber.core.runner.ExecutionMode$1.execute(ExecutionMode.java:10)
	at io.cucumber.core.runner.TestStep.executeStep(TestStep.java:86)
	at io.cucumber.core.runner.TestStep.run(TestStep.java:57)
	at io.cucumber.core.runner.PickleStepTestStep.run(PickleStepTestStep.java:51)
	at io.cucumber.core.runner.TestCase.run(TestCase.java:95)
	at io.cucumber.core.runner.Runner.runPickle(Runner.java:75)
	at io.cucumber.testng.TestNGCucumberRunner.lambda$runScenario$1(TestNGCucumberRunner.java:132)
	at io.cucumber.core.runtime.CucumberExecutionContext.lambda$runTestCase$3(CucumberExecutionContext.java:151)
	at io.cucumber.core.runtime.RethrowingThrowableCollector.executeAndThrow(RethrowingThrowableCollector.java:23)
	at io.cucumber.core.runtime.CucumberExecutionContext.runTestCase(CucumberExecutionContext.java:151)
	at io.cucumber.testng.TestNGCucumberRunner.runScenario(TestNGCucumberRunner.java:129)
	at io.cucumber.testng.AbstractTestNGCucumberTests.runScenario(AbstractTestNGCucumberTests.java:35)
	at java.base/jdk.internal.reflect.DirectMethodHandleAccessor.invoke(DirectMethodHandleAccessor.java:104)
	at java.base/java.lang.reflect.Method.invoke(Method.java:578)
	at org.testng.internal.invokers.MethodInvocationHelper.invokeMethod(MethodInvocationHelper.java:139)
	at org.testng.internal.invokers.TestInvoker.invokeMethod(TestInvoker.java:677)
	at org.testng.internal.invokers.TestInvoker.invokeTestMethod(TestInvoker.java:221)
	at org.testng.internal.invokers.MethodRunner.runInSequence(MethodRunner.java:50)
	at org.testng.internal.invokers.TestInvoker$MethodInvocationAgent.invoke(TestInvoker.java:969)
	at org.testng.internal.invokers.TestInvoker.invokeTestMethods(TestInvoker.java:194)
	at org.testng.internal.invokers.TestMethodWorker.invokeTestMethods(TestMethodWorker.java:148)
	at org.testng.internal.invokers.TestMethodWorker.run(TestMethodWorker.java:128)
	at java.base/java.util.ArrayList.forEach(ArrayList.java:1511)
	at org.testng.TestRunner.privateRun(TestRunner.java:829)
	at org.testng.TestRunner.run(TestRunner.java:602)
	at org.testng.SuiteRunner.runTest(SuiteRunner.java:437)
	at org.testng.SuiteRunner.runSequentially(SuiteRunner.java:431)
	at org.testng.SuiteRunner.privateRun(SuiteRunner.java:391)
	at org.testng.SuiteRunner.run(SuiteRunner.java:330)
	at org.testng.SuiteRunnerWorker.runSuite(SuiteRunnerWorker.java:52)
	at org.testng.SuiteRunnerWorker.run(SuiteRunnerWorker.java:95)
	at org.testng.TestNG.runSuitesSequentially(TestNG.java:1256)
	at org.testng.TestNG.runSuitesLocally(TestNG.java:1176)
	at org.testng.TestNG.runSuites(TestNG.java:1099)
	at org.testng.TestNG.run(TestNG.java:1067)
	at org.testng.remote.AbstractRemoteTestNG.run(AbstractRemoteTestNG.java:115)
	at org.testng.remote.RemoteTestNG.initAndRun(RemoteTestNG.java:251)
	at org.testng.remote.RemoteTestNG.main(RemoteTestNG.java:77)

</div> <!-- stack-trace -->
                  <em>
(Runs Cucumber Scenarios)                  </em>
                </div> <!-- method-content -->
              </div> <!-- method -->
              <div class="method">
                <div class="method-content">
                  <a name="runScenario(&quot;User finds Metamask installed&quot;, &quot;Optional[Openfabric AI Testnet]&quot;)">
                  </a> <!-- runScenario("User finds Metamask installed", "Optional[Openfabric AI Testnet]") -->
                  <span class="method-name">runScenario</span>
                  <span class="parameters">("User finds Metamask installed","Optional[Openfabric AI Testnet]")</span>
                  <div class="stack-trace">java.lang.NullPointerException: Cannot invoke &quot;org.openqa.selenium.WebDriver.findElement(org.openqa.selenium.By)&quot; because &quot;this.driver&quot; is null
	at pageobject.Openfabric_page.Click_LoginWithOther(Openfabric_page.java:35)
	at Stepdefinition.openfabric_stepdefinition.user_clicks_login_with_metamask_icon(openfabric_stepdefinition.java:46)
	at ✽.User clicks Login with Metamask icon(file:///C:/Users/shaun/eclipse-workspace/OpenFabric_AdelineGrace/src/test/resources/Feature/openfabric.feature:25)

</div> <!-- stack-trace -->
                  <em>
(Runs Cucumber Scenarios)                  </em>
                </div> <!-- method-content -->
              </div> <!-- method -->
              <div class="method">
                <div class="method-content">
                  <a name="runScenario(&quot;User installs Metamask&quot;, &quot;Optional[Openfabric AI Testnet]&quot;)">
                  </a> <!-- runScenario("User installs Metamask", "Optional[Openfabric AI Testnet]") -->
                  <span class="method-name">runScenario</span>
                  <span class="parameters">("User installs Metamask","Optional[Openfabric AI Testnet]")</span>
                  <div class="stack-trace">java.lang.NullPointerException
	at java.base/java.util.Objects.requireNonNull(Objects.java:233)
	at java.base/java.util.ImmutableCollections$Map1.&lt;init&gt;(ImmutableCollections.java:1105)
	at java.base/java.util.Map.of(Map.java:1351)
	at org.openqa.selenium.remote.DriverCommand.SWITCH_TO_WINDOW(DriverCommand.java:255)
	at org.openqa.selenium.remote.RemoteWebDriver$RemoteTargetLocator.window(RemoteWebDriver.java:1119)
	at Stepdefinition.openfabric_stepdefinition.user_follows_onscreen_instruction_to_install_metamask(openfabric_stepdefinition.java:72)
	at ✽.User follows onscreen instruction to install Metamask(file:///C:/Users/shaun/eclipse-workspace/OpenFabric_AdelineGrace/src/test/resources/Feature/openfabric.feature:15)

</div> <!-- stack-trace -->
                  <em>
(Runs Cucumber Scenarios)                  </em>
                </div> <!-- method-content -->
              </div> <!-- method -->
              <div class="method">
                <div class="method-content">
                  <a name="runScenario(&quot;User finds the &quot;+Create instances&quot; icon&quot;, &quot;Optional[Openfabric AI Testnet]&quot;)">
                  </a> <!-- runScenario("User finds the "+Create instances" icon", "Optional[Openfabric AI Testnet]") -->
                  <span class="method-name">runScenario</span>
                  <span class="parameters">("User finds the "+Create instances" icon","Optional[Openfabric AI Testnet]")</span>
                  <div class="stack-trace">org.openqa.selenium.NoSuchElementException: no such element: Unable to locate element: {&quot;method&quot;:&quot;css selector&quot;,&quot;selector&quot;:&quot;*[name=&apos;placeholder&apos;]&quot;}
  (Session info: chrome=120.0.6099.225)
For documentation on this error, please visit: https://www.selenium.dev/documentation/webdriver/troubleshooting/errors#no-such-element-exception
Build info: version: &apos;4.17.0&apos;, revision: &apos;e52b1be057*&apos;
System info: os.name: &apos;Windows 11&apos;, os.arch: &apos;amd64&apos;, os.version: &apos;10.0&apos;, java.version: &apos;19.0.2&apos;
Driver info: org.openqa.selenium.chrome.ChromeDriver
Command: [21b2f0b6a3bc0e251effcc38df51c74a, findElement {using=css selector, value=*[name=&apos;placeholder&apos;]}]
Capabilities {acceptInsecureCerts: false, browserName: chrome, browserVersion: 120.0.6099.225, chrome: {chromedriverVersion: 120.0.6099.109 (3419140ab66..., userDataDir: C:\Users\shaun\AppData\Loca...}, fedcm:accounts: true, goog:chromeOptions: {debuggerAddress: localhost:60186}, networkConnectionEnabled: false, pageLoadStrategy: normal, platformName: windows, proxy: Proxy(), se:cdp: ws://localhost:60186/devtoo..., se:cdpVersion: 120.0.6099.225, setWindowRect: true, strictFileInteractability: false, timeouts: {implicit: 0, pageLoad: 300000, script: 30000}, unhandledPromptBehavior: dismiss and notify, webauthn:extension:credBlob: true, webauthn:extension:largeBlob: true, webauthn:extension:minPinLength: true, webauthn:extension:prf: true, webauthn:virtualAuthenticators: true}
Session ID: 21b2f0b6a3bc0e251effcc38df51c74a
	at java.base/jdk.internal.reflect.DirectConstructorHandleAccessor.newInstance(DirectConstructorHandleAccessor.java:67)
	at java.base/java.lang.reflect.Constructor.newInstanceWithCaller(Constructor.java:500)
	at java.base/java.lang.reflect.Constructor.newInstance(Constructor.java:484)
	at org.openqa.selenium.remote.codec.w3c.W3CHttpResponseCodec.createException(W3CHttpResponseCodec.java:185)
	at org.openqa.selenium.remote.codec.w3c.W3CHttpResponseCodec.decode(W3CHttpResponseCodec.java:134)
	at org.openqa.selenium.remote.codec.w3c.W3CHttpResponseCodec.decode(W3CHttpResponseCodec.java:51)
	at org.openqa.selenium.remote.HttpCommandExecutor.execute(HttpCommandExecutor.java:190)
	at org.openqa.selenium.remote.service.DriverCommandExecutor.invokeExecute(DriverCommandExecutor.java:216)
	at org.openqa.selenium.remote.service.DriverCommandExecutor.execute(DriverCommandExecutor.java:174)
	at org.openqa.selenium.remote.RemoteWebDriver.execute(RemoteWebDriver.java:519)
	at org.openqa.selenium.remote.ElementLocation$ElementFinder$2.findElement(ElementLocation.java:165)
	at org.openqa.selenium.remote.ElementLocation.findElement(ElementLocation.java:59)
	at org.openqa.selenium.remote.RemoteWebDriver.findElement(RemoteWebDriver.java:356)
	at org.openqa.selenium.remote.RemoteWebDriver.findElement(RemoteWebDriver.java:350)
	at org.openqa.selenium.By$PreW3CLocator.findElement(By.java:430)
	at org.openqa.selenium.By$ByName.findElement(By.java:237)
	at org.openqa.selenium.support.ByIdOrName.findElement(ByIdOrName.java:49)
	at org.openqa.selenium.remote.ElementLocation$ElementFinder$1.findElement(ElementLocation.java:139)
	at org.openqa.selenium.remote.ElementLocation.findElement(ElementLocation.java:81)
	at org.openqa.selenium.remote.RemoteWebDriver.findElement(RemoteWebDriver.java:356)
	at org.openqa.selenium.remote.RemoteWebDriver.findElement(RemoteWebDriver.java:350)
	at org.openqa.selenium.support.pagefactory.DefaultElementLocator.findElement(DefaultElementLocator.java:68)
	at org.openqa.selenium.support.pagefactory.internal.LocatingElementHandler.invoke(LocatingElementHandler.java:38)
	at jdk.proxy2/jdk.proxy2.$Proxy22.isDisplayed(Unknown Source)
	at Stepdefinition.openfabric_stepdefinition.user_sees_the_icon(openfabric_stepdefinition.java:245)
	at ✽.User sees the &quot;+Create instances&quot; icon(file:///C:/Users/shaun/eclipse-workspace/OpenFabric_AdelineGrace/src/test/resources/Feature/openfabric.feature:81)

</div> <!-- stack-trace -->
                  <em>
(Runs Cucumber Scenarios)                  </em>
                </div> <!-- method-content -->
              </div> <!-- method -->
            </div> <!-- main-panel-content rounded-window-bottom -->
          </div> <!-- suite-Default_suite-class-failed -->
          <div class="suite-Default_suite-class-passed">
            <div class="main-panel-header rounded-window-top">
              <img src="passed.png"/>
              <span class="class-name">Runner.TestRunner</span>
            </div> <!-- main-panel-header rounded-window-top -->
            <div class="main-panel-content rounded-window-bottom">
              <div class="method">
                <div class="method-content">
                  <a name="runScenario(&quot;User can access the chosen AI app&quot;, &quot;Optional[Openfabric AI Testnet]&quot;)">
                  </a> <!-- runScenario("User can access the chosen AI app", "Optional[Openfabric AI Testnet]") -->
                  <span class="method-name">runScenario</span>
                  <span class="parameters">("User can access the chosen AI app","Optional[Openfabric AI Testnet]")</span>
                  <em>
(Runs Cucumber Scenarios)                  </em>
                </div> <!-- method-content -->
              </div> <!-- method -->
              <div class="method">
                <div class="method-content">
                  <a name="runScenario(&quot;User can choose available AI apps&quot;, &quot;Optional[Openfabric AI Testnet]&quot;)">
                  </a> <!-- runScenario("User can choose available AI apps", "Optional[Openfabric AI Testnet]") -->
                  <span class="method-name">runScenario</span>
                  <span class="parameters">("User can choose available AI apps","Optional[Openfabric AI Testnet]")</span>
                  <em>
(Runs Cucumber Scenarios)                  </em>
                </div> <!-- method-content -->
              </div> <!-- method -->
              <div class="method">
                <div class="method-content">
                  <a name="runScenario(&quot;User gets navigated to the Payment stage&quot;, &quot;Optional[Openfabric AI Testnet]&quot;)">
                  </a> <!-- runScenario("User gets navigated to the Payment stage", "Optional[Openfabric AI Testnet]") -->
                  <span class="method-name">runScenario</span>
                  <span class="parameters">("User gets navigated to the Payment stage","Optional[Openfabric AI Testnet]")</span>
                  <em>
(Runs Cucumber Scenarios)                  </em>
                </div> <!-- method-content -->
              </div> <!-- method -->
              <div class="method">
                <div class="method-content">
                  <a name="runScenario(&quot;User navigates to the chosen AI app page&quot;, &quot;Optional[Openfabric AI Testnet]&quot;)">
                  </a> <!-- runScenario("User navigates to the chosen AI app page", "Optional[Openfabric AI Testnet]") -->
                  <span class="method-name">runScenario</span>
                  <span class="parameters">("User navigates to the chosen AI app page","Optional[Openfabric AI Testnet]")</span>
                  <em>
(Runs Cucumber Scenarios)                  </em>
                </div> <!-- method-content -->
              </div> <!-- method -->
              <div class="method">
                <div class="method-content">
                  <a name="runScenario(&quot;User receives Payment success confirmation&quot;, &quot;Optional[Openfabric AI Testnet]&quot;)">
                  </a> <!-- runScenario("User receives Payment success confirmation", "Optional[Openfabric AI Testnet]") -->
                  <span class="method-name">runScenario</span>
                  <span class="parameters">("User receives Payment success confirmation","Optional[Openfabric AI Testnet]")</span>
                  <em>
(Runs Cucumber Scenarios)                  </em>
                </div> <!-- method-content -->
              </div> <!-- method -->
              <div class="method">
                <div class="method-content">
                  <a name="runScenario(&quot;User cannot select his favorite AI app&quot;, &quot;Optional[Openfabric AI Testnet]&quot;)">
                  </a> <!-- runScenario("User cannot select his favorite AI app", "Optional[Openfabric AI Testnet]") -->
                  <span class="method-name">runScenario</span>
                  <span class="parameters">("User cannot select his favorite AI app","Optional[Openfabric AI Testnet]")</span>
                  <em>
(Runs Cucumber Scenarios)                  </em>
                </div> <!-- method-content -->
              </div> <!-- method -->
              <div class="method">
                <div class="method-content">
                  <a name="runScenario(&quot;User starts the create instance flow&quot;, &quot;Optional[Openfabric AI Testnet]&quot;)">
                  </a> <!-- runScenario("User starts the create instance flow", "Optional[Openfabric AI Testnet]") -->
                  <span class="method-name">runScenario</span>
                  <span class="parameters">("User starts the create instance flow","Optional[Openfabric AI Testnet]")</span>
                  <em>
(Runs Cucumber Scenarios)                  </em>
                </div> <!-- method-content -->
              </div> <!-- method -->
              <div class="method">
                <div class="method-content">
                  <a name="runScenario(&quot;User can see available AI apps&quot;, &quot;Optional[Openfabric AI Testnet]&quot;)">
                  </a> <!-- runScenario("User can see available AI apps", "Optional[Openfabric AI Testnet]") -->
                  <span class="method-name">runScenario</span>
                  <span class="parameters">("User can see available AI apps","Optional[Openfabric AI Testnet]")</span>
                  <em>
(Runs Cucumber Scenarios)                  </em>
                </div> <!-- method-content -->
              </div> <!-- method -->
              <div class="method">
                <div class="method-content">
                  <a name="runScenario(&quot;User not able to access the AI app&quot;, &quot;Optional[Openfabric AI Testnet]&quot;)">
                  </a> <!-- runScenario("User not able to access the AI app", "Optional[Openfabric AI Testnet]") -->
                  <span class="method-name">runScenario</span>
                  <span class="parameters">("User not able to access the AI app","Optional[Openfabric AI Testnet]")</span>
                  <em>
(Runs Cucumber Scenarios)                  </em>
                </div> <!-- method-content -->
              </div> <!-- method -->
              <div class="method">
                <div class="method-content">
                  <a name="runScenario(&quot;User doesn&#039;t get started with the create instance flow&quot;, &quot;Optional[Openfabric AI Testnet]&quot;)">
                  </a> <!-- runScenario("User doesn't get started with the create instance flow", "Optional[Openfabric AI Testnet]") -->
                  <span class="method-name">runScenario</span>
                  <span class="parameters">("User doesn't get started with the create instance flow","Optional[Openfabric AI Testnet]")</span>
                  <em>
(Runs Cucumber Scenarios)                  </em>
                </div> <!-- method-content -->
              </div> <!-- method -->
              <div class="method">
                <div class="method-content">
                  <a name="runScenario(&quot;User not able to run the AI app&quot;, &quot;Optional[Openfabric AI Testnet]&quot;)">
                  </a> <!-- runScenario("User not able to run the AI app", "Optional[Openfabric AI Testnet]") -->
                  <span class="method-name">runScenario</span>
                  <span class="parameters">("User not able to run the AI app","Optional[Openfabric AI Testnet]")</span>
                  <em>
(Runs Cucumber Scenarios)                  </em>
                </div> <!-- method-content -->
              </div> <!-- method -->
              <div class="method">
                <div class="method-content">
                  <a name="runScenario(&quot;User can run the AI app&quot;, &quot;Optional[Openfabric AI Testnet]&quot;)">
                  </a> <!-- runScenario("User can run the AI app", "Optional[Openfabric AI Testnet]") -->
                  <span class="method-name">runScenario</span>
                  <span class="parameters">("User can run the AI app","Optional[Openfabric AI Testnet]")</span>
                  <em>
(Runs Cucumber Scenarios)                  </em>
                </div> <!-- method-content -->
              </div> <!-- method -->
              <div class="method">
                <div class="method-content">
                  <a name="runScenario(&quot;User not able to add notes about the app experience&quot;, &quot;Optional[Openfabric AI Testnet]&quot;)">
                  </a> <!-- runScenario("User not able to add notes about the app experience", "Optional[Openfabric AI Testnet]") -->
                  <span class="method-name">runScenario</span>
                  <span class="parameters">("User not able to add notes about the app experience","Optional[Openfabric AI Testnet]")</span>
                  <em>
(Runs Cucumber Scenarios)                  </em>
                </div> <!-- method-content -->
              </div> <!-- method -->
              <div class="method">
                <div class="method-content">
                  <a name="runScenario(&quot;User visits the Openfabric website&quot;, &quot;Optional[Openfabric AI Testnet]&quot;)">
                  </a> <!-- runScenario("User visits the Openfabric website", "Optional[Openfabric AI Testnet]") -->
                  <span class="method-name">runScenario</span>
                  <span class="parameters">("User visits the Openfabric website","Optional[Openfabric AI Testnet]")</span>
                  <em>
(Runs Cucumber Scenarios)                  </em>
                </div> <!-- method-content -->
              </div> <!-- method -->
              <div class="method">
                <div class="method-content">
                  <a name="runScenario(&quot;User enters installation process of the AI app&quot;, &quot;Optional[Openfabric AI Testnet]&quot;)">
                  </a> <!-- runScenario("User enters installation process of the AI app", "Optional[Openfabric AI Testnet]") -->
                  <span class="method-name">runScenario</span>
                  <span class="parameters">("User enters installation process of the AI app","Optional[Openfabric AI Testnet]")</span>
                  <em>
(Runs Cucumber Scenarios)                  </em>
                </div> <!-- method-content -->
              </div> <!-- method -->
              <div class="method">
                <div class="method-content">
                  <a name="runScenario(&quot;User receives Payment process failed message&quot;, &quot;Optional[Openfabric AI Testnet]&quot;)">
                  </a> <!-- runScenario("User receives Payment process failed message", "Optional[Openfabric AI Testnet]") -->
                  <span class="method-name">runScenario</span>
                  <span class="parameters">("User receives Payment process failed message","Optional[Openfabric AI Testnet]")</span>
                  <em>
(Runs Cucumber Scenarios)                  </em>
                </div> <!-- method-content -->
              </div> <!-- method -->
              <div class="method">
                <div class="method-content">
                  <a name="runScenario(&quot;User stays on the same Openfabric Testnet page&quot;, &quot;Optional[Openfabric AI Testnet]&quot;)">
                  </a> <!-- runScenario("User stays on the same Openfabric Testnet page", "Optional[Openfabric AI Testnet]") -->
                  <span class="method-name">runScenario</span>
                  <span class="parameters">("User stays on the same Openfabric Testnet page","Optional[Openfabric AI Testnet]")</span>
                  <em>
(Runs Cucumber Scenarios)                  </em>
                </div> <!-- method-content -->
              </div> <!-- method -->
              <div class="method">
                <div class="method-content">
                  <a name="runScenario(&quot;User not able to enter the installation process of AI app&quot;, &quot;Optional[Openfabric AI Testnet]&quot;)">
                  </a> <!-- runScenario("User not able to enter the installation process of AI app", "Optional[Openfabric AI Testnet]") -->
                  <span class="method-name">runScenario</span>
                  <span class="parameters">("User not able to enter the installation process of AI app","Optional[Openfabric AI Testnet]")</span>
                  <em>
(Runs Cucumber Scenarios)                  </em>
                </div> <!-- method-content -->
              </div> <!-- method -->
              <div class="method">
                <div class="method-content">
                  <a name="runScenario(&quot;User stays on the infrastructure selection&quot;, &quot;Optional[Openfabric AI Testnet]&quot;)">
                  </a> <!-- runScenario("User stays on the infrastructure selection", "Optional[Openfabric AI Testnet]") -->
                  <span class="method-name">runScenario</span>
                  <span class="parameters">("User stays on the infrastructure selection","Optional[Openfabric AI Testnet]")</span>
                  <em>
(Runs Cucumber Scenarios)                  </em>
                </div> <!-- method-content -->
              </div> <!-- method -->
              <div class="method">
                <div class="method-content">
                  <a name="runScenario(&quot;User can rate the app&quot;, &quot;Optional[Openfabric AI Testnet]&quot;)">
                  </a> <!-- runScenario("User can rate the app", "Optional[Openfabric AI Testnet]") -->
                  <span class="method-name">runScenario</span>
                  <span class="parameters">("User can rate the app","Optional[Openfabric AI Testnet]")</span>
                  <em>
(Runs Cucumber Scenarios)                  </em>
                </div> <!-- method-content -->
              </div> <!-- method -->
              <div class="method">
                <div class="method-content">
                  <a name="runScenario(&quot;User can add notes about the app experience&quot;, &quot;Optional[Openfabric AI Testnet]&quot;)">
                  </a> <!-- runScenario("User can add notes about the app experience", "Optional[Openfabric AI Testnet]") -->
                  <span class="method-name">runScenario</span>
                  <span class="parameters">("User can add notes about the app experience","Optional[Openfabric AI Testnet]")</span>
                  <em>
(Runs Cucumber Scenarios)                  </em>
                </div> <!-- method-content -->
              </div> <!-- method -->
              <div class="method">
                <div class="method-content">
                  <a name="runScenario(&quot;User not able to rate the app&quot;, &quot;Optional[Openfabric AI Testnet]&quot;)">
                  </a> <!-- runScenario("User not able to rate the app", "Optional[Openfabric AI Testnet]") -->
                  <span class="method-name">runScenario</span>
                  <span class="parameters">("User not able to rate the app","Optional[Openfabric AI Testnet]")</span>
                  <em>
(Runs Cucumber Scenarios)                  </em>
                </div> <!-- method-content -->
              </div> <!-- method -->
            </div> <!-- main-panel-content rounded-window-bottom -->
          </div> <!-- suite-Default_suite-class-passed -->
        </div> <!-- panel Default_suite -->
        <div panel-name="test-xml-Default_suite" class="panel">
          <div class="main-panel-header rounded-window-top">
            <span class="header-content">C:\Users\shaun\AppData\Local\Temp\testng-eclipse--293908367\testng-customsuite.xml</span>
          </div> <!-- main-panel-header rounded-window-top -->
          <div class="main-panel-content rounded-window-bottom">
            <pre>
&lt;?xml version=&quot;1.0&quot; encoding=&quot;UTF-8&quot;?&gt;
&lt;!DOCTYPE suite SYSTEM &quot;https://testng.org/testng-1.0.dtd&quot;&gt;
&lt;suite name=&quot;Default suite&quot; guice-stage=&quot;DEVELOPMENT&quot;&gt;
  &lt;test thread-count=&quot;5&quot; name=&quot;Default test&quot; verbose=&quot;2&quot;&gt;
    &lt;classes&gt;
      &lt;class name=&quot;Runner.TestRunner&quot;/&gt;
    &lt;/classes&gt;
  &lt;/test&gt; &lt;!-- Default test --&gt;
&lt;/suite&gt; &lt;!-- Default suite --&gt;
            </pre>
          </div> <!-- main-panel-content rounded-window-bottom -->
        </div> <!-- panel -->
        <div panel-name="testlist-Default_suite" class="panel">
          <div class="main-panel-header rounded-window-top">
            <span class="header-content">Tests for Default suite</span>
          </div> <!-- main-panel-header rounded-window-top -->
          <div class="main-panel-content rounded-window-bottom">
            <ul>
              <li>
                <span class="test-name">Default test (1 class)</span>
              </li>
            </ul>
          </div> <!-- main-panel-content rounded-window-bottom -->
        </div> <!-- panel -->
        <div panel-name="group-Default_suite" class="panel">
          <div class="main-panel-header rounded-window-top">
            <span class="header-content">Groups for Default suite</span>
          </div> <!-- main-panel-header rounded-window-top -->
          <div class="main-panel-content rounded-window-bottom">
            <div class="test-group">
              <span class="test-group-name">cucumber</span>
              <br/>
              <div class="method-in-group">
                <span class="method-in-group-name">runScenario</span>
                <br/>
              </div> <!-- method-in-group -->
            </div> <!-- test-group -->
          </div> <!-- main-panel-content rounded-window-bottom -->
        </div> <!-- panel -->
        <div panel-name="times-Default_suite" class="panel">
          <div class="main-panel-header rounded-window-top">
            <span class="header-content">Times for Default suite</span>
          </div> <!-- main-panel-header rounded-window-top -->
          <div class="main-panel-content rounded-window-bottom">
            <div class="times-div">
              <script type="text/javascript">
suiteTableInitFunctions.push('tableData_Default_suite');
function tableData_Default_suite() {
var data = new google.visualization.DataTable();
data.addColumn('number', 'Number');
data.addColumn('string', 'Method');
data.addColumn('string', 'Class');
data.addColumn('number', 'Time (ms)');
data.addRows(35);
data.setCell(0, 0, 0)
data.setCell(0, 1, 'runScenario')
data.setCell(0, 2, 'Runner.TestRunner')
data.setCell(0, 3, 20181);
data.setCell(1, 0, 1)
data.setCell(1, 1, 'runScenario')
data.setCell(1, 2, 'Runner.TestRunner')
data.setCell(1, 3, 20141);
data.setCell(2, 0, 2)
data.setCell(2, 1, 'runScenario')
data.setCell(2, 2, 'Runner.TestRunner')
data.setCell(2, 3, 20119);
data.setCell(3, 0, 3)
data.setCell(3, 1, 'runScenario')
data.setCell(3, 2, 'Runner.TestRunner')
data.setCell(3, 3, 20068);
data.setCell(4, 0, 4)
data.setCell(4, 1, 'runScenario')
data.setCell(4, 2, 'Runner.TestRunner')
data.setCell(4, 3, 10147);
data.setCell(5, 0, 5)
data.setCell(5, 1, 'runScenario')
data.setCell(5, 2, 'Runner.TestRunner')
data.setCell(5, 3, 5262);
data.setCell(6, 0, 6)
data.setCell(6, 1, 'runScenario')
data.setCell(6, 2, 'Runner.TestRunner')
data.setCell(6, 3, 150);
data.setCell(7, 0, 7)
data.setCell(7, 1, 'runScenario')
data.setCell(7, 2, 'Runner.TestRunner')
data.setCell(7, 3, 84);
data.setCell(8, 0, 8)
data.setCell(8, 1, 'runScenario')
data.setCell(8, 2, 'Runner.TestRunner')
data.setCell(8, 3, 49);
data.setCell(9, 0, 9)
data.setCell(9, 1, 'runScenario')
data.setCell(9, 2, 'Runner.TestRunner')
data.setCell(9, 3, 38);
data.setCell(10, 0, 10)
data.setCell(10, 1, 'runScenario')
data.setCell(10, 2, 'Runner.TestRunner')
data.setCell(10, 3, 36);
data.setCell(11, 0, 11)
data.setCell(11, 1, 'runScenario')
data.setCell(11, 2, 'Runner.TestRunner')
data.setCell(11, 3, 31);
data.setCell(12, 0, 12)
data.setCell(12, 1, 'runScenario')
data.setCell(12, 2, 'Runner.TestRunner')
data.setCell(12, 3, 31);
data.setCell(13, 0, 13)
data.setCell(13, 1, 'runScenario')
data.setCell(13, 2, 'Runner.TestRunner')
data.setCell(13, 3, 29);
data.setCell(14, 0, 14)
data.setCell(14, 1, 'runScenario')
data.setCell(14, 2, 'Runner.TestRunner')
data.setCell(14, 3, 28);
data.setCell(15, 0, 15)
data.setCell(15, 1, 'runScenario')
data.setCell(15, 2, 'Runner.TestRunner')
data.setCell(15, 3, 26);
data.setCell(16, 0, 16)
data.setCell(16, 1, 'runScenario')
data.setCell(16, 2, 'Runner.TestRunner')
data.setCell(16, 3, 26);
data.setCell(17, 0, 17)
data.setCell(17, 1, 'runScenario')
data.setCell(17, 2, 'Runner.TestRunner')
data.setCell(17, 3, 26);
data.setCell(18, 0, 18)
data.setCell(18, 1, 'runScenario')
data.setCell(18, 2, 'Runner.TestRunner')
data.setCell(18, 3, 25);
data.setCell(19, 0, 19)
data.setCell(19, 1, 'runScenario')
data.setCell(19, 2, 'Runner.TestRunner')
data.setCell(19, 3, 24);
data.setCell(20, 0, 20)
data.setCell(20, 1, 'runScenario')
data.setCell(20, 2, 'Runner.TestRunner')
data.setCell(20, 3, 22);
data.setCell(21, 0, 21)
data.setCell(21, 1, 'runScenario')
data.setCell(21, 2, 'Runner.TestRunner')
data.setCell(21, 3, 21);
data.setCell(22, 0, 22)
data.setCell(22, 1, 'runScenario')
data.setCell(22, 2, 'Runner.TestRunner')
data.setCell(22, 3, 21);
data.setCell(23, 0, 23)
data.setCell(23, 1, 'runScenario')
data.setCell(23, 2, 'Runner.TestRunner')
data.setCell(23, 3, 21);
data.setCell(24, 0, 24)
data.setCell(24, 1, 'runScenario')
data.setCell(24, 2, 'Runner.TestRunner')
data.setCell(24, 3, 20);
data.setCell(25, 0, 25)
data.setCell(25, 1, 'runScenario')
data.setCell(25, 2, 'Runner.TestRunner')
data.setCell(25, 3, 19);
data.setCell(26, 0, 26)
data.setCell(26, 1, 'runScenario')
data.setCell(26, 2, 'Runner.TestRunner')
data.setCell(26, 3, 18);
data.setCell(27, 0, 27)
data.setCell(27, 1, 'runScenario')
data.setCell(27, 2, 'Runner.TestRunner')
data.setCell(27, 3, 18);
data.setCell(28, 0, 28)
data.setCell(28, 1, 'runScenario')
data.setCell(28, 2, 'Runner.TestRunner')
data.setCell(28, 3, 17);
data.setCell(29, 0, 29)
data.setCell(29, 1, 'runScenario')
data.setCell(29, 2, 'Runner.TestRunner')
data.setCell(29, 3, 17);
data.setCell(30, 0, 30)
data.setCell(30, 1, 'runScenario')
data.setCell(30, 2, 'Runner.TestRunner')
data.setCell(30, 3, 17);
data.setCell(31, 0, 31)
data.setCell(31, 1, 'runScenario')
data.setCell(31, 2, 'Runner.TestRunner')
data.setCell(31, 3, 15);
data.setCell(32, 0, 32)
data.setCell(32, 1, 'runScenario')
data.setCell(32, 2, 'Runner.TestRunner')
data.setCell(32, 3, 13);
data.setCell(33, 0, 33)
data.setCell(33, 1, 'runScenario')
data.setCell(33, 2, 'Runner.TestRunner')
data.setCell(33, 3, 13);
data.setCell(34, 0, 34)
data.setCell(34, 1, 'runScenario')
data.setCell(34, 2, 'Runner.TestRunner')
data.setCell(34, 3, 8);
window.suiteTableData['Default_suite']= { tableData: data, tableDiv: 'times-div-Default_suite'}
return data;
}
              </script>
              <span class="suite-total-time">Total running time: 1 minutes</span>
              <div id="times-div-Default_suite">
              </div> <!-- times-div-Default_suite -->
            </div> <!-- times-div -->
          </div> <!-- main-panel-content rounded-window-bottom -->
        </div> <!-- panel -->
        <div panel-name="reporter-Default_suite" class="panel">
          <div class="main-panel-header rounded-window-top">
            <span class="header-content">Reporter output for Default suite</span>
          </div> <!-- main-panel-header rounded-window-top -->
          <div class="main-panel-content rounded-window-bottom">
          </div> <!-- main-panel-content rounded-window-bottom -->
        </div> <!-- panel -->
        <div panel-name="ignored-methods-Default_suite" class="panel">
          <div class="main-panel-header rounded-window-top">
            <span class="header-content">0 ignored methods</span>
          </div> <!-- main-panel-header rounded-window-top -->
          <div class="main-panel-content rounded-window-bottom">
          </div> <!-- main-panel-content rounded-window-bottom -->
        </div> <!-- panel -->
        <div panel-name="chronological-Default_suite" class="panel">
          <div class="main-panel-header rounded-window-top">
            <span class="header-content">Methods in chronological order</span>
          </div> <!-- main-panel-header rounded-window-top -->
          <div class="main-panel-content rounded-window-bottom">
            <div class="chronological-class">
              <div class="chronological-class-name">Runner.TestRunner</div> <!-- chronological-class-name -->
              <div class="configuration-class before">
                <span class="method-name">setUpClass(org.testng.TestRunner@28d739f1)</span>
                <span class="method-start">0 ms</span>
              </div> <!-- configuration-class before -->
              <div class="test-method">
                <span class="method-name">runScenario("User visits the Openfabric website", "Optional[Openfabric AI Testnet]")</span>
                <span class="method-start">5456 ms</span>
              </div> <!-- test-method -->
              <div class="test-method">
                <img src="failed.png">
                </img>
                <span class="method-name">runScenario("User finds Metamask missing popup", "Optional[Openfabric AI Testnet]")</span>
                <span class="method-start">10722 ms</span>
              </div> <!-- test-method -->
              <div class="test-method">
                <img src="failed.png">
                </img>
                <span class="method-name">runScenario("User installs Metamask", "Optional[Openfabric AI Testnet]")</span>
                <span class="method-start">10876 ms</span>
              </div> <!-- test-method -->
              <div class="test-method">
                <img src="failed.png">
                </img>
                <span class="method-name">runScenario("User setups Metamask", "Optional[Openfabric AI Testnet]")</span>
                <span class="method-start">10964 ms</span>
              </div> <!-- test-method -->
              <div class="test-method">
                <img src="failed.png">
                </img>
                <span class="method-name">runScenario("User finds Metamask installed", "Optional[Openfabric AI Testnet]")</span>
                <span class="method-start">21116 ms</span>
              </div> <!-- test-method -->
              <div class="test-method">
                <img src="failed.png">
                </img>
                <span class="method-name">runScenario("User can signup with valid details", "Optional[Openfabric AI Testnet]")</span>
                <span class="method-start">21155 ms</span>
              </div> <!-- test-method -->
              <div class="test-method">
                <img src="failed.png">
                </img>
                <span class="method-name">runScenario("User cannot signup with invalid email", "Optional[Openfabric AI Testnet]")</span>
                <span class="method-start">21190 ms</span>
              </div> <!-- test-method -->
              <div class="test-method">
                <img src="failed.png">
                </img>
                <span class="method-name">runScenario("User cannot signup with missing firstname", "Optional[Openfabric AI Testnet]")</span>
                <span class="method-start">21222 ms</span>
              </div> <!-- test-method -->
              <div class="test-method">
                <img src="failed.png">
                </img>
                <span class="method-name">runScenario("User cannot signup with missing lastname", "Optional[Openfabric AI Testnet]")</span>
                <span class="method-start">21252 ms</span>
              </div> <!-- test-method -->
              <div class="test-method">
                <img src="failed.png">
                </img>
                <span class="method-name">runScenario("User cannot signup with missing email", "Optional[Openfabric AI Testnet]")</span>
                <span class="method-start">21283 ms</span>
              </div> <!-- test-method -->
              <div class="test-method">
                <span class="method-name">runScenario("User can see available AI apps", "Optional[Openfabric AI Testnet]")</span>
                <span class="method-start">21321 ms</span>
              </div> <!-- test-method -->
              <div class="test-method">
                <span class="method-name">runScenario("User can choose available AI apps", "Optional[Openfabric AI Testnet]")</span>
                <span class="method-start">21343 ms</span>
              </div> <!-- test-method -->
              <div class="test-method">
                <span class="method-name">runScenario("User cannot select his favorite AI app", "Optional[Openfabric AI Testnet]")</span>
                <span class="method-start">21365 ms</span>
              </div> <!-- test-method -->
              <div class="test-method">
                <span class="method-name">runScenario("User navigates to the chosen AI app page", "Optional[Openfabric AI Testnet]")</span>
                <span class="method-start">21392 ms</span>
              </div> <!-- test-method -->
              <div class="test-method">
                <span class="method-name">runScenario("User stays on the same Openfabric Testnet page", "Optional[Openfabric AI Testnet]")</span>
                <span class="method-start">21411 ms</span>
              </div> <!-- test-method -->
              <div class="test-method">
                <img src="failed.png">
                </img>
                <span class="method-name">runScenario("User finds the "+Create instances" icon", "Optional[Openfabric AI Testnet]")</span>
                <span class="method-start">21438 ms</span>
              </div> <!-- test-method -->
              <div class="test-method">
                <img src="failed.png">
                </img>
                <span class="method-name">runScenario("User not able to see the "+Create instances" icon", "Optional[Openfabric AI Testnet]")</span>
                <span class="method-start">41507 ms</span>
              </div> <!-- test-method -->
              <div class="test-method">
                <span class="method-name">runScenario("User starts the create instance flow", "Optional[Openfabric AI Testnet]")</span>
                <span class="method-start">61691 ms</span>
              </div> <!-- test-method -->
              <div class="test-method">
                <span class="method-name">runScenario("User doesn't get started with the create instance flow", "Optional[Openfabric AI Testnet]")</span>
                <span class="method-start">61721 ms</span>
              </div> <!-- test-method -->
              <div class="test-method">
                <img src="failed.png">
                </img>
                <span class="method-name">runScenario("User can choose the favorite Infrastructure option", "Optional[Openfabric AI Testnet]")</span>
                <span class="method-start">61741 ms</span>
              </div> <!-- test-method -->
              <div class="test-method">
                <img src="failed.png">
                </img>
                <span class="method-name">runScenario("User not able to choose the favorite Infrastructure option", "Optional[Openfabric AI Testnet]")</span>
                <span class="method-start">81863 ms</span>
              </div> <!-- test-method -->
              <div class="test-method">
                <span class="method-name">runScenario("User gets navigated to the Payment stage", "Optional[Openfabric AI Testnet]")</span>
                <span class="method-start">102007 ms</span>
              </div> <!-- test-method -->
              <div class="test-method">
                <span class="method-name">runScenario("User stays on the infrastructure selection", "Optional[Openfabric AI Testnet]")</span>
                <span class="method-start">102030 ms</span>
              </div> <!-- test-method -->
              <div class="test-method">
                <span class="method-name">runScenario("User receives Payment success confirmation", "Optional[Openfabric AI Testnet]")</span>
                <span class="method-start">102052 ms</span>
              </div> <!-- test-method -->
              <div class="test-method">
                <span class="method-name">runScenario("User receives Payment process failed message", "Optional[Openfabric AI Testnet]")</span>
                <span class="method-start">102070 ms</span>
              </div> <!-- test-method -->
              <div class="test-method">
                <span class="method-name">runScenario("User enters installation process of the AI app", "Optional[Openfabric AI Testnet]")</span>
                <span class="method-start">102089 ms</span>
              </div> <!-- test-method -->
              <div class="test-method">
                <span class="method-name">runScenario("User not able to enter the installation process of AI app", "Optional[Openfabric AI Testnet]")</span>
                <span class="method-start">102114 ms</span>
              </div> <!-- test-method -->
              <div class="test-method">
                <span class="method-name">runScenario("User can access the chosen AI app", "Optional[Openfabric AI Testnet]")</span>
                <span class="method-start">102166 ms</span>
              </div> <!-- test-method -->
              <div class="test-method">
                <span class="method-name">runScenario("User not able to access the AI app", "Optional[Openfabric AI Testnet]")</span>
                <span class="method-start">102193 ms</span>
              </div> <!-- test-method -->
              <div class="test-method">
                <span class="method-name">runScenario("User can run the AI app", "Optional[Openfabric AI Testnet]")</span>
                <span class="method-start">102211 ms</span>
              </div> <!-- test-method -->
              <div class="test-method">
                <span class="method-name">runScenario("User not able to run the AI app", "Optional[Openfabric AI Testnet]")</span>
                <span class="method-start">102225 ms</span>
              </div> <!-- test-method -->
              <div class="test-method">
                <span class="method-name">runScenario("User can rate the app", "Optional[Openfabric AI Testnet]")</span>
                <span class="method-start">102249 ms</span>
              </div> <!-- test-method -->
              <div class="test-method">
                <span class="method-name">runScenario("User not able to rate the app", "Optional[Openfabric AI Testnet]")</span>
                <span class="method-start">102268 ms</span>
              </div> <!-- test-method -->
              <div class="test-method">
                <span class="method-name">runScenario("User can add notes about the app experience", "Optional[Openfabric AI Testnet]")</span>
                <span class="method-start">102276 ms</span>
              </div> <!-- test-method -->
              <div class="test-method">
                <span class="method-name">runScenario("User not able to add notes about the app experience", "Optional[Openfabric AI Testnet]")</span>
                <span class="method-start">102300 ms</span>
              </div> <!-- test-method -->
              <div class="configuration-class after">
                <span class="method-name">tearDownClass</span>
                <span class="method-start">102324 ms</span>
              </div> <!-- configuration-class after -->
          </div> <!-- main-panel-content rounded-window-bottom -->
        </div> <!-- panel -->
      </div> <!-- main-panel-root -->
    </div> <!-- wrapper -->
  </body>
<script type="text/javascript" src="testng-reports2.js"></script>
</html>
